docker compose --profile generate --profile dbt down -v
time="2026-02-21T09:51:12-05:00" level=warning msg="C:\\docker_projects\\real_time_data_engineering\\pipelines\\06-redpanda-risingwave\\docker-compose.yml: the attribute `version` is obsolete, it will be ignored, please remove it to avoid potential confusion"
docker compose up -d redpanda risingwave
time="2026-02-21T09:51:14-05:00" level=warning msg="C:\\docker_projects\\real_time_data_engineering\\pipelines\\06-redpanda-risingwave\\docker-compose.yml: the attribute `version` is obsolete, it will be ignored, please remove it to avoid potential confusion"
 Network 06-redpanda-risingwave_pipeline-net  Creating
 Network 06-redpanda-risingwave_pipeline-net  Created
 Volume 06-redpanda-risingwave_redpanda-data  Creating
 Volume 06-redpanda-risingwave_redpanda-data  Created
 Volume 06-redpanda-risingwave_risingwave-data  Creating
 Volume 06-redpanda-risingwave_risingwave-data  Created
 Container p06-redpanda  Creating
 Container p06-redpanda  Created
 Container p06-risingwave  Creating
 Container p06-risingwave  Created
 Container p06-redpanda  Starting
 Container p06-redpanda  Started
 Container p06-redpanda  Waiting
 Container p06-redpanda  Healthy
 Container p06-risingwave  Starting
 Container p06-risingwave  Started
Waiting for services to be healthy...
time="2026-02-21T09:51:29-05:00" level=warning msg="C:\\docker_projects\\real_time_data_engineering\\pipelines\\06-redpanda-risingwave\\docker-compose.yml: the attribute `version` is obsolete, it will be ignored, please remove it to avoid potential confusion"
Healthy:                          true
Redpanda is ready.
Creating topics via rpk...
C:/Users/ghadf/scoop/apps/make/current/bin/make.exe topics
make[1]: Entering directory 'C:/docker_projects/real_time_data_engineering/pipelines/06-redpanda-risingwave'
docker compose exec redpanda rpk topic create taxi.raw_trips \
	--brokers redpanda:9092 \
	--partitions 3 \
	--replicas 1 || true
time="2026-02-21T09:51:34-05:00" level=warning msg="C:\\docker_projects\\real_time_data_engineering\\pipelines\\06-redpanda-risingwave\\docker-compose.yml: the attribute `version` is obsolete, it will be ignored, please remove it to avoid potential confusion"
TOPIC           STATUS
taxi.raw_trips  OK
Topics created.
make[1]: Leaving directory 'C:/docker_projects/real_time_data_engineering/pipelines/06-redpanda-risingwave'
=== Benchmark: Pipeline 06 - Redpanda + RisingWave ===
make[1]: Entering directory 'C:/docker_projects/real_time_data_engineering/pipelines/06-redpanda-risingwave'
docker compose --profile generate --profile dbt down -v
make[1]: Leaving directory 'C:/docker_projects/real_time_data_engineering/pipelines/06-redpanda-risingwave'
[1/4] Infrastructure up...
C:/Users/ghadf/scoop/apps/make/current/bin/make.exe up
make[1]: Entering directory 'C:/docker_projects/real_time_data_engineering/pipelines/06-redpanda-risingwave'
docker compose up -d redpanda risingwave
time="2026-02-21T09:51:47-05:00" level=warning msg="C:\\docker_projects\\real_time_data_engineering\\pipelines\\06-redpanda-risingwave\\docker-compose.yml: the attribute `version` is obsolete, it will be ignored, please remove it to avoid potential confusion"
 Network 06-redpanda-risingwave_pipeline-net  Creating
 Network 06-redpanda-risingwave_pipeline-net  Created
 Volume 06-redpanda-risingwave_risingwave-data  Creating
 Volume 06-redpanda-risingwave_risingwave-data  Created
 Volume 06-redpanda-risingwave_redpanda-data  Creating
 Volume 06-redpanda-risingwave_redpanda-data  Created
 Container p06-redpanda  Creating
 Container p06-redpanda  Created
 Container p06-risingwave  Creating
 Container p06-risingwave  Created
 Container p06-redpanda  Starting
 Container p06-redpanda  Started
 Container p06-redpanda  Waiting
 Container p06-redpanda  Healthy
 Container p06-risingwave  Starting
 Container p06-risingwave  Started
Waiting for services to be healthy...
time="2026-02-21T09:52:00-05:00" level=warning msg="C:\\docker_projects\\real_time_data_engineering\\pipelines\\06-redpanda-risingwave\\docker-compose.yml: the attribute `version` is obsolete, it will be ignored, please remove it to avoid potential confusion"
Healthy:                          true
Redpanda is ready.
Creating topics via rpk...
C:/Users/ghadf/scoop/apps/make/current/bin/make.exe topics
make[2]: Entering directory 'C:/docker_projects/real_time_data_engineering/pipelines/06-redpanda-risingwave'
docker compose exec redpanda rpk topic create taxi.raw_trips \
	--brokers redpanda:9092 \
	--partitions 3 \
	--replicas 1 || true
time="2026-02-21T09:52:06-05:00" level=warning msg="C:\\docker_projects\\real_time_data_engineering\\pipelines\\06-redpanda-risingwave\\docker-compose.yml: the attribute `version` is obsolete, it will be ignored, please remove it to avoid potential confusion"
TOPIC           STATUS
taxi.raw_trips  OK
Topics created.
make[2]: Leaving directory 'C:/docker_projects/real_time_data_engineering/pipelines/06-redpanda-risingwave'
make[1]: Leaving directory 'C:/docker_projects/real_time_data_engineering/pipelines/06-redpanda-risingwave'
[2/4] Creating RisingWave streaming objects...
C:/Users/ghadf/scoop/apps/make/current/bin/make.exe process
make[1]: Entering directory 'C:/docker_projects/real_time_data_engineering/pipelines/06-redpanda-risingwave'
Submitting RisingWave SQL scripts...
MSYS_NO_PATHCONV=1 docker run --rm --network 06-redpanda-risingwave_pipeline-net \
	-v "$(pwd)/risingwave/sql:/sql:ro" postgres:alpine \
	psql -h risingwave -p 4566 -U root -d dev -f /sql/01-create-source.sql || true
CREATE_SOURCE
[1/3] Redpanda source created.
MSYS_NO_PATHCONV=1 docker run --rm --network 06-redpanda-risingwave_pipeline-net \
	-v "$(pwd)/risingwave/sql:/sql:ro" postgres:alpine \
	psql -h risingwave -p 4566 -U root -d dev -f /sql/02-mv-bronze-trips.sql || true
CREATE_MATERIALIZED_VIEW
[2/3] Bronze materialized view created.
MSYS_NO_PATHCONV=1 docker run --rm --network 06-redpanda-risingwave_pipeline-net \
	-v "$(pwd)/risingwave/sql:/sql:ro" postgres:alpine \
	psql -h risingwave -p 4566 -U root -d dev -f /sql/03-mv-silver-metrics.sql || true
CREATE_MATERIALIZED_VIEW
[3/3] Silver materialized view created.
All RisingWave objects created. MVs will update automatically as Redpanda events arrive.
make[1]: Leaving directory 'C:/docker_projects/real_time_data_engineering/pipelines/06-redpanda-risingwave'
[3/4] Generating events (10k)...
C:/Users/ghadf/scoop/apps/make/current/bin/make.exe generate-limited
make[1]: Entering directory 'C:/docker_projects/real_time_data_engineering/pipelines/06-redpanda-risingwave'
MSYS_NO_PATHCONV=1 docker compose run --rm -e MAX_EVENTS=10000 data-generator
time="2026-02-21T09:52:15-05:00" level=warning msg="C:\\docker_projects\\real_time_data_engineering\\pipelines\\06-redpanda-risingwave\\docker-compose.yml: the attribute `version` is obsolete, it will be ignored, please remove it to avoid potential confusion"
 Container p06-redpanda  Running
============================================================
  Taxi Trip Event Generator
============================================================
  Broker:     redpanda:9092
  Topic:      taxi.raw_trips
  Mode:       burst
  Data:       /data/yellow_tripdata_2024-01.parquet
  Max events: 10,000

  Source: /data/yellow_tripdata_2024-01.parquet (2,964,624 rows, sending 10,000)

============================================================
  GENERATOR COMPLETE
  Events:  10,000
  Elapsed: 0.57s
  Rate:    17,606 events/sec
============================================================
  Metrics written to /tmp/generator_metrics.json
Limited generation complete (10k events).
make[1]: Leaving directory 'C:/docker_projects/real_time_data_engineering/pipelines/06-redpanda-risingwave'
[4/4] Running dbt build...
C:/Users/ghadf/scoop/apps/make/current/bin/make.exe dbt-build
make[1]: Entering directory 'C:/docker_projects/real_time_data_engineering/pipelines/06-redpanda-risingwave'
MSYS_NO_PATHCONV=1 docker compose run --rm --entrypoint /bin/sh dbt -c "dbt deps --profiles-dir . && dbt build --full-refresh --profiles-dir ."
time="2026-02-21T09:52:17-05:00" level=warning msg="C:\\docker_projects\\real_time_data_engineering\\pipelines\\06-redpanda-risingwave\\docker-compose.yml: the attribute `version` is obsolete, it will be ignored, please remove it to avoid potential confusion"
 Container p06-redpanda  Running
 Container p06-risingwave  Running
 Container p06-redpanda  Waiting
 Container p06-redpanda  Healthy
[0m14:52:20  Running with dbt=1.11.5
[0m14:52:21  Updating lock file in file path: /dbt/package-lock.yml
[0m14:52:21  Installing dbt-labs/dbt_utils
[0m14:52:24  Installed from version 1.3.3
[0m14:52:24  Up to date!
[0m14:52:27  Running with dbt=1.11.5
[0m14:52:28  Registered adapter: postgres=1.10.0
[0m14:52:28  Unable to do partial parsing because saved manifest not found. Starting full parse.
[0m14:52:29  Found 14 models, 74 data tests, 3 seeds, 1 source, 598 macros
[0m14:52:29  
[0m14:52:29  Concurrency: 1 threads (target='dev')
[0m14:52:29  
[0m14:52:29  1 of 91 START sql table model public.dim_dates ................................. [RUN]
[0m14:52:30  1 of 91 ERROR creating sql table model public.dim_dates ........................ [[31mERROR[0m in 0.09s]
[0m14:52:30  2 of 91 START sql view model public.stg_yellow_trips ........................... [RUN]
[0m14:52:30  2 of 91 ERROR creating sql view model public.stg_yellow_trips .................. [[31mERROR[0m in 0.04s]
[0m14:52:30  3 of 91 START seed file public_public.payment_type_lookup ...................... [RUN]
[0m14:52:30  3 of 91 OK loaded seed file public_public.payment_type_lookup .................. [[32mCREATE 6[0m in 0.10s]
[0m14:52:30  4 of 91 START seed file public_public.rate_code_lookup ......................... [RUN]
[0m14:52:30  4 of 91 OK loaded seed file public_public.rate_code_lookup ..................... [[32mCREATE 7[0m in 0.07s]
[0m14:52:30  5 of 91 START seed file public_public.taxi_zone_lookup ......................... [RUN]
[0m14:52:30  5 of 91 OK loaded seed file public_public.taxi_zone_lookup ..................... [[32mCREATE 265[0m in 0.11s]
[0m14:52:30  6 of 91 SKIP test not_null_dim_dates_date_key .................................. [[33mSKIP[0m]
[0m14:52:30  7 of 91 SKIP test not_null_dim_dates_day_of_week_name .......................... [[33mSKIP[0m]
[0m14:52:30  8 of 91 SKIP test not_null_dim_dates_is_holiday ................................ [[33mSKIP[0m]
[0m14:52:30  9 of 91 SKIP test not_null_dim_dates_is_weekend ................................ [[33mSKIP[0m]
[0m14:52:30  10 of 91 SKIP test unique_dim_dates_date_key ................................... [[33mSKIP[0m]
[0m14:52:30  11 of 91 SKIP test accepted_values_stg_yellow_trips_payment_type_id__0__1__2__3__4__5__6  [[33mSKIP[0m]
[0m14:52:30  12 of 91 SKIP test accepted_values_stg_yellow_trips_rate_code_id__1__2__3__4__5__6__99  [[33mSKIP[0m]
[0m14:52:30  13 of 91 SKIP test accepted_values_stg_yellow_trips_vendor_id__1__2__6 ......... [[33mSKIP[0m]
[0m14:52:30  14 of 91 SKIP test assert_fare_not_exceeds_total ............................... [[33mSKIP[0m]
[0m14:52:30  15 of 91 SKIP test not_null_stg_yellow_trips_dropoff_datetime .................. [[33mSKIP[0m]
[0m14:52:30  16 of 91 SKIP test not_null_stg_yellow_trips_dropoff_location_id ............... [[33mSKIP[0m]
[0m14:52:30  17 of 91 SKIP test not_null_stg_yellow_trips_fare_amount ....................... [[33mSKIP[0m]
[0m14:52:30  18 of 91 SKIP test not_null_stg_yellow_trips_pickup_datetime ................... [[33mSKIP[0m]
[0m14:52:30  19 of 91 SKIP test not_null_stg_yellow_trips_pickup_location_id ................ [[33mSKIP[0m]
[0m14:52:30  20 of 91 SKIP test not_null_stg_yellow_trips_total_amount ...................... [[33mSKIP[0m]
[0m14:52:30  21 of 91 SKIP test not_null_stg_yellow_trips_trip_distance_miles ............... [[33mSKIP[0m]
[0m14:52:30  22 of 91 SKIP test not_null_stg_yellow_trips_trip_id ........................... [[33mSKIP[0m]
[0m14:52:30  23 of 91 SKIP test not_null_stg_yellow_trips_vendor_id ......................... [[33mSKIP[0m]
[0m14:52:30  24 of 91 SKIP test unique_stg_yellow_trips_trip_id ............................. [[33mSKIP[0m]
[0m14:52:30  25 of 91 START test not_null_payment_type_lookup_payment_type_id ............... [RUN]
[0m14:52:30  25 of 91 PASS not_null_payment_type_lookup_payment_type_id ..................... [[32mPASS[0m in 0.04s]
[0m14:52:30  26 of 91 START test unique_payment_type_lookup_payment_type_id ................. [RUN]
[0m14:52:30  26 of 91 PASS unique_payment_type_lookup_payment_type_id ....................... [[32mPASS[0m in 0.02s]
[0m14:52:30  27 of 91 START test not_null_rate_code_lookup_rate_code_id ..................... [RUN]
[0m14:52:30  27 of 91 PASS not_null_rate_code_lookup_rate_code_id ........................... [[32mPASS[0m in 0.02s]
[0m14:52:30  28 of 91 START test unique_rate_code_lookup_rate_code_id ....................... [RUN]
[0m14:52:30  28 of 91 PASS unique_rate_code_lookup_rate_code_id ............................. [[32mPASS[0m in 0.02s]
[0m14:52:30  29 of 91 START test not_null_taxi_zone_lookup_Borough .......................... [RUN]
[0m14:52:30  29 of 91 ERROR not_null_taxi_zone_lookup_Borough ............................... [[31mERROR[0m in 0.02s]
[0m14:52:30  30 of 91 START test not_null_taxi_zone_lookup_LocationID ....................... [RUN]
[0m14:52:30  30 of 91 ERROR not_null_taxi_zone_lookup_LocationID ............................ [[31mERROR[0m in 0.02s]
[0m14:52:30  31 of 91 START test unique_taxi_zone_lookup_LocationID ......................... [RUN]
[0m14:52:30  31 of 91 ERROR unique_taxi_zone_lookup_LocationID .............................. [[31mERROR[0m in 0.02s]
[0m14:52:30  32 of 91 SKIP relation public.int_trip_metrics ................................. [[33mSKIP[0m]
[0m14:52:30  33 of 91 START sql view model public.stg_payment_types ......................... [RUN]
[0m14:52:30  33 of 91 ERROR creating sql view model public.stg_payment_types ................ [[31mERROR[0m in 0.07s]
[0m14:52:30  34 of 91 START sql view model public.stg_rate_codes ............................ [RUN]
[0m14:52:30  34 of 91 ERROR creating sql view model public.stg_rate_codes ................... [[31mERROR[0m in 0.02s]
[0m14:52:30  35 of 91 SKIP relation public.stg_taxi_zones ................................... [[33mSKIP[0m]
[0m14:52:30  36 of 91 SKIP test assert_trip_duration_positive ............................... [[33mSKIP[0m]
[0m14:52:30  37 of 91 SKIP test dbt_utils_accepted_range_int_trip_metrics_pickup_hour__23__0  [[33mSKIP[0m]
[0m14:52:30  38 of 91 SKIP test dbt_utils_accepted_range_int_trip_metrics_trip_duration_minutes__720__1  [[33mSKIP[0m]
[0m14:52:30  39 of 91 SKIP test not_null_int_trip_metrics_is_weekend ........................ [[33mSKIP[0m]
[0m14:52:30  40 of 91 SKIP test not_null_int_trip_metrics_pickup_date ....................... [[33mSKIP[0m]
[0m14:52:30  41 of 91 SKIP test not_null_int_trip_metrics_pickup_hour ....................... [[33mSKIP[0m]
[0m14:52:30  42 of 91 SKIP test not_null_int_trip_metrics_trip_duration_minutes ............. [[33mSKIP[0m]
[0m14:52:30  43 of 91 SKIP test not_null_int_trip_metrics_trip_id ........................... [[33mSKIP[0m]
[0m14:52:30  44 of 91 SKIP test not_null_stg_payment_types_payment_type_id .................. [[33mSKIP[0m]
[0m14:52:30  45 of 91 SKIP test not_null_stg_payment_types_payment_type_name ................ [[33mSKIP[0m]
[0m14:52:30  46 of 91 SKIP test unique_stg_payment_types_payment_type_id .................... [[33mSKIP[0m]
[0m14:52:30  47 of 91 SKIP test not_null_stg_rate_codes_rate_code_id ........................ [[33mSKIP[0m]
[0m14:52:30  48 of 91 SKIP test not_null_stg_rate_codes_rate_code_name ...................... [[33mSKIP[0m]
[0m14:52:30  49 of 91 SKIP test unique_stg_rate_codes_rate_code_id .......................... [[33mSKIP[0m]
[0m14:52:30  50 of 91 SKIP test not_null_stg_taxi_zones_borough ............................. [[33mSKIP[0m]
[0m14:52:30  51 of 91 SKIP test not_null_stg_taxi_zones_location_id ......................... [[33mSKIP[0m]
[0m14:52:30  52 of 91 SKIP test not_null_stg_taxi_zones_zone_name ........................... [[33mSKIP[0m]
[0m14:52:30  53 of 91 SKIP test relationships_stg_yellow_trips_dropoff_location_id__location_id__ref_stg_taxi_zones_  [[33mSKIP[0m]
[0m14:52:30  54 of 91 SKIP test relationships_stg_yellow_trips_pickup_location_id__location_id__ref_stg_taxi_zones_  [[33mSKIP[0m]
[0m14:52:30  55 of 91 SKIP test unique_stg_taxi_zones_location_id ........................... [[33mSKIP[0m]
[0m14:52:30  56 of 91 SKIP relation public.int_daily_summary ................................ [[33mSKIP[0m]
[0m14:52:30  57 of 91 SKIP relation public.int_hourly_patterns .............................. [[33mSKIP[0m]
[0m14:52:30  58 of 91 SKIP relation public.dim_payment_types ................................ [[33mSKIP[0m]
[0m14:52:30  59 of 91 SKIP relation public.dim_locations .................................... [[33mSKIP[0m]
[0m14:52:30  60 of 91 SKIP test dbt_utils_accepted_range_int_daily_summary_total_trips__0 ... [[33mSKIP[0m]
[0m14:52:30  61 of 91 SKIP test not_null_int_daily_summary_pickup_date ...................... [[33mSKIP[0m]
[0m14:52:30  62 of 91 SKIP test not_null_int_daily_summary_total_revenue .................... [[33mSKIP[0m]
[0m14:52:30  63 of 91 SKIP test not_null_int_daily_summary_total_trips ...................... [[33mSKIP[0m]
[0m14:52:30  64 of 91 SKIP test unique_int_daily_summary_pickup_date ........................ [[33mSKIP[0m]
[0m14:52:30  65 of 91 SKIP test dbt_utils_accepted_range_int_hourly_patterns_pickup_hour__23__0  [[33mSKIP[0m]
[0m14:52:30  66 of 91 SKIP test not_null_int_hourly_patterns_pickup_date .................... [[33mSKIP[0m]
[0m14:52:30  67 of 91 SKIP test not_null_int_hourly_patterns_pickup_hour .................... [[33mSKIP[0m]
[0m14:52:30  68 of 91 SKIP test not_null_int_hourly_patterns_total_trips .................... [[33mSKIP[0m]
[0m14:52:30  69 of 91 SKIP test not_null_dim_payment_types_payment_type_id .................. [[33mSKIP[0m]
[0m14:52:30  70 of 91 SKIP test not_null_dim_payment_types_payment_type_name ................ [[33mSKIP[0m]
[0m14:52:30  71 of 91 SKIP test unique_dim_payment_types_payment_type_id .................... [[33mSKIP[0m]
[0m14:52:30  72 of 91 SKIP test not_null_dim_locations_borough .............................. [[33mSKIP[0m]
[0m14:52:30  73 of 91 SKIP test not_null_dim_locations_location_id .......................... [[33mSKIP[0m]
[0m14:52:30  74 of 91 SKIP test not_null_dim_locations_zone_name ............................ [[33mSKIP[0m]
[0m14:52:30  75 of 91 SKIP test unique_dim_locations_location_id ............................ [[33mSKIP[0m]
[0m14:52:30  76 of 91 SKIP relation public.mart_daily_revenue ............................... [[33mSKIP[0m]
[0m14:52:30  77 of 91 SKIP relation public.mart_hourly_demand ............................... [[33mSKIP[0m]
[0m14:52:30  78 of 91 SKIP relation public.fct_trips ........................................ [[33mSKIP[0m]
[0m14:52:30  79 of 91 SKIP test not_null_mart_daily_revenue_date_key ........................ [[33mSKIP[0m]
[0m14:52:30  80 of 91 SKIP test not_null_mart_daily_revenue_total_revenue ................... [[33mSKIP[0m]
[0m14:52:30  81 of 91 SKIP test unique_mart_daily_revenue_date_key .......................... [[33mSKIP[0m]
[0m14:52:30  82 of 91 SKIP test not_null_mart_hourly_demand_is_weekend ...................... [[33mSKIP[0m]
[0m14:52:30  83 of 91 SKIP test not_null_mart_hourly_demand_pickup_hour ..................... [[33mSKIP[0m]
[0m14:52:30  84 of 91 SKIP test not_null_fct_trips_pickup_datetime .......................... [[33mSKIP[0m]
[0m14:52:30  85 of 91 SKIP test not_null_fct_trips_total_amount ............................. [[33mSKIP[0m]
[0m14:52:30  86 of 91 SKIP test not_null_fct_trips_trip_id .................................. [[33mSKIP[0m]
[0m14:52:30  87 of 91 SKIP test unique_fct_trips_trip_id .................................... [[33mSKIP[0m]
[0m14:52:30  88 of 91 SKIP relation public.mart_location_performance ........................ [[33mSKIP[0m]
[0m14:52:30  89 of 91 SKIP test not_null_mart_location_performance_pickup_location_id ....... [[33mSKIP[0m]
[0m14:52:30  90 of 91 SKIP test not_null_mart_location_performance_total_pickups ............ [[33mSKIP[0m]
[0m14:52:30  91 of 91 SKIP test unique_mart_location_performance_pickup_location_id ......... [[33mSKIP[0m]
[0m14:52:30  
[0m14:52:30  Finished running 1 incremental model, 3 seeds, 6 table models, 74 data tests, 7 view models in 0 hours 0 minutes and 0.88 seconds (0.88s).
[0m14:52:30  
[0m14:52:30  [31mCompleted with 7 errors, 0 partial successes, and 0 warnings:[0m
[0m14:52:30  
[0m14:52:30  [31mFailure in model dim_dates (models/marts/core/dim_dates.sql)[0m
[0m14:52:30    Compilation Error in model dim_dates (models/marts/core/dim_dates.sql)
  This model has an enforced contract that failed.
  Please ensure the name, data_type, and number of columns in your contract match the columns in your model's definition.
  
  | column_name     | definition_type | contract_type | mismatch_reason    |
  | --------------- | --------------- | ------------- | ------------------ |
  | day_of_month    | DECIMAL         | LONGINTEGER   | data type mismatch |
  | day_of_week_num | DECIMAL         | LONGINTEGER   | data type mismatch |
  | month           | DECIMAL         | LONGINTEGER   | data type mismatch |
  | week_of_year    | DECIMAL         | LONGINTEGER   | data type mismatch |
  | year            | DECIMAL         | LONGINTEGER   | data type mismatch |
  
  
  > in macro assert_columns_equivalent (macros/relations/column/columns_spec_ddl.sql)
  > called by macro default__get_assert_columns_equivalent (macros/relations/column/columns_spec_ddl.sql)
  > called by macro get_assert_columns_equivalent (macros/relations/column/columns_spec_ddl.sql)
  > called by macro postgres__create_table_as (macros/adapters.sql)
  > called by macro create_table_as (macros/relations/table/create.sql)
  > called by macro default__get_create_table_as_sql (macros/relations/table/create.sql)
  > called by macro get_create_table_as_sql (macros/relations/table/create.sql)
  > called by macro statement (macros/etc/statement.sql)
  > called by macro materialization_table_default (macros/materializations/models/table.sql)
  > called by model dim_dates (models/marts/core/dim_dates.sql)
[0m14:52:30  
[0m14:52:30    compiled code at target/compiled/nyc_taxi_pipeline_06/models/marts/core/dim_dates.sql
[0m14:52:30  
[0m14:52:30  [31mFailure in model stg_yellow_trips (models/staging/stg_yellow_trips.sql)[0m
[0m14:52:30    Database Error in model stg_yellow_trips (models/staging/stg_yellow_trips.sql)
  Failed to run the query
  
  Caused by these errors (recent errors listed first):
    1: Failed to bind expression: md5(CAST(coalesce(CAST(VendorID AS TEXT), '_dbt_utils_surrogate_key_null_') || '-' || coalesce(CAST(tpep_pickup_datetime AS TEXT), '_dbt_utils_surrogate_key_null_') || '-' || coalesce(CAST(tpep_dropoff_datetime AS TEXT), '_dbt_utils_surrogate_key_null_') || '-' || coalesce(CAST(PULocationID AS TEXT), '_dbt_utils_surrogate_key_null_') || '-' || coalesce(CAST(DOLocationID AS TEXT), '_dbt_utils_surrogate_key_null_') || '-' || coalesce(CAST(fare_amount AS TEXT), '_dbt_utils_surrogate_key_null_') || '-' || coalesce(CAST(total_amount AS TEXT), '_dbt_utils_surrogate_key_null_') AS TEXT))
    2: Item not found: Invalid column: vendorid
  compiled code at target/run/nyc_taxi_pipeline_06/models/staging/stg_yellow_trips.sql
[0m14:52:30  
[0m14:52:30    compiled code at target/compiled/nyc_taxi_pipeline_06/models/staging/stg_yellow_trips.sql
[0m14:52:30  
[0m14:52:30  [31mFailure in test not_null_taxi_zone_lookup_Borough (seeds/seed_properties.yml)[0m
[0m14:52:30    Database Error in test not_null_taxi_zone_lookup_Borough (seeds/seed_properties.yml)
  Failed to run the query
  
  Caused by these errors (recent errors listed first):
    1: Failed to bind expression: Borough
    2: Item not found: Invalid column: borough
  compiled code at target/run/nyc_taxi_pipeline_06/seeds/seed_properties.yml/not_null_taxi_zone_lookup_Borough.sql
[0m14:52:30  
[0m14:52:30    compiled code at target/compiled/nyc_taxi_pipeline_06/seeds/seed_properties.yml/not_null_taxi_zone_lookup_Borough.sql
[0m14:52:30  
[0m14:52:30  [31mFailure in test not_null_taxi_zone_lookup_LocationID (seeds/seed_properties.yml)[0m
[0m14:52:30    Database Error in test not_null_taxi_zone_lookup_LocationID (seeds/seed_properties.yml)
  Failed to run the query
  
  Caused by these errors (recent errors listed first):
    1: Failed to bind expression: LocationID
    2: Item not found: Invalid column: locationid
  compiled code at target/run/nyc_taxi_pipeline_06/seeds/seed_properties.yml/not_null_taxi_zone_lookup_LocationID.sql
[0m14:52:30  
[0m14:52:30    compiled code at target/compiled/nyc_taxi_pipeline_06/seeds/seed_properties.yml/not_null_taxi_zone_lookup_LocationID.sql
[0m14:52:30  
[0m14:52:30  [31mFailure in test unique_taxi_zone_lookup_LocationID (seeds/seed_properties.yml)[0m
[0m14:52:30    Database Error in test unique_taxi_zone_lookup_LocationID (seeds/seed_properties.yml)
  Failed to run the query
  
  Caused by these errors (recent errors listed first):
    1: Failed to bind expression: LocationID
    2: Item not found: Invalid column: locationid
  compiled code at target/run/nyc_taxi_pipeline_06/seeds/seed_properties.yml/unique_taxi_zone_lookup_LocationID.sql
[0m14:52:30  
[0m14:52:30    compiled code at target/compiled/nyc_taxi_pipeline_06/seeds/seed_properties.yml/unique_taxi_zone_lookup_LocationID.sql
[0m14:52:30  
[0m14:52:30  [31mFailure in model stg_payment_types (models/staging/stg_payment_types.sql)[0m
[0m14:52:30    Database Error in model stg_payment_types (models/staging/stg_payment_types.sql)
  Failed to run the query
  
  Caused by these errors (recent errors listed first):
    1: Catalog error
    2: table not found: stg_payment_types__dbt_tmp
  compiled code at target/run/nyc_taxi_pipeline_06/models/staging/stg_payment_types.sql
[0m14:52:30  
[0m14:52:30    compiled code at target/compiled/nyc_taxi_pipeline_06/models/staging/stg_payment_types.sql
[0m14:52:30  
[0m14:52:30  [31mFailure in model stg_rate_codes (models/staging/stg_rate_codes.sql)[0m
[0m14:52:30    Database Error in model stg_rate_codes (models/staging/stg_rate_codes.sql)
  Failed to run the query
  
  Caused by these errors (recent errors listed first):
    1: Catalog error
    2: table not found: stg_rate_codes__dbt_tmp
  compiled code at target/run/nyc_taxi_pipeline_06/models/staging/stg_rate_codes.sql
[0m14:52:30  
[0m14:52:30    compiled code at target/compiled/nyc_taxi_pipeline_06/models/staging/stg_rate_codes.sql
[0m14:52:30  
[0m14:52:30  Done. PASS=7 WARN=0 ERROR=7 SKIP=77 NO-OP=0 TOTAL=91

make[1]: *** [Makefile:58: dbt-build] Error 1
make[1]: Leaving directory 'C:/docker_projects/real_time_data_engineering/pipelines/06-redpanda-risingwave'
make: *** [Makefile:70: benchmark] Error 2
docker compose --profile generate --profile dbt down -v
time="2026-02-21T09:52:31-05:00" level=warning msg="C:\\docker_projects\\real_time_data_engineering\\pipelines\\06-redpanda-risingwave\\docker-compose.yml: the attribute `version` is obsolete, it will be ignored, please remove it to avoid potential confusion"
 Container p06-risingwave  Stopping
 Container p06-risingwave  Stopped
 Container p06-risingwave  Removing
 Container p06-risingwave  Removed
 Container p06-redpanda  Stopping
 Container p06-redpanda  Stopped
 Container p06-redpanda  Removing
 Container p06-redpanda  Removed
 Volume 06-redpanda-risingwave_risingwave-data  Removing
 Volume 06-redpanda-risingwave_redpanda-data  Removing
 Network 06-redpanda-risingwave_pipeline-net  Removing
 Volume 06-redpanda-risingwave_risingwave-data  Removed
 Volume 06-redpanda-risingwave_redpanda-data  Removed
 Network 06-redpanda-risingwave_pipeline-net  Removed
make: *** No rule to make target 'clean'.  Stop.
docker compose --profile generate --profile dbt down -v
time="2026-02-21T11:24:44-05:00" level=warning msg="C:\\docker_projects\\real_time_data_engineering\\pipelines\\06-redpanda-risingwave\\docker-compose.yml: the attribute `version` is obsolete, it will be ignored, please remove it to avoid potential confusion"
docker compose up -d redpanda risingwave
time="2026-02-21T11:24:47-05:00" level=warning msg="C:\\docker_projects\\real_time_data_engineering\\pipelines\\06-redpanda-risingwave\\docker-compose.yml: the attribute `version` is obsolete, it will be ignored, please remove it to avoid potential confusion"
 Network 06-redpanda-risingwave_pipeline-net  Creating
 Network 06-redpanda-risingwave_pipeline-net  Created
 Volume 06-redpanda-risingwave_risingwave-data  Creating
 Volume 06-redpanda-risingwave_risingwave-data  Created
 Volume 06-redpanda-risingwave_redpanda-data  Creating
 Volume 06-redpanda-risingwave_redpanda-data  Created
 Container p06-redpanda  Creating
 Container p06-redpanda  Created
 Container p06-risingwave  Creating
 Container p06-risingwave  Created
 Container p06-redpanda  Starting
 Container p06-redpanda  Started
 Container p06-redpanda  Waiting
 Container p06-redpanda  Healthy
 Container p06-risingwave  Starting
 Container p06-risingwave  Started
Waiting for services to be healthy...
time="2026-02-21T11:25:03-05:00" level=warning msg="C:\\docker_projects\\real_time_data_engineering\\pipelines\\06-redpanda-risingwave\\docker-compose.yml: the attribute `version` is obsolete, it will be ignored, please remove it to avoid potential confusion"
Healthy:                          true
Redpanda is ready.
Creating topics via rpk...
C:/Users/ghadf/scoop/apps/make/current/bin/make.exe topics
make[1]: Entering directory 'C:/docker_projects/real_time_data_engineering/pipelines/06-redpanda-risingwave'
docker compose exec redpanda rpk topic create taxi.raw_trips \
	--brokers redpanda:9092 \
	--partitions 3 \
	--replicas 1 || true
time="2026-02-21T11:25:09-05:00" level=warning msg="C:\\docker_projects\\real_time_data_engineering\\pipelines\\06-redpanda-risingwave\\docker-compose.yml: the attribute `version` is obsolete, it will be ignored, please remove it to avoid potential confusion"
TOPIC           STATUS
taxi.raw_trips  OK
Topics created.
make[1]: Leaving directory 'C:/docker_projects/real_time_data_engineering/pipelines/06-redpanda-risingwave'
=== Benchmark: Pipeline 06 - Redpanda + RisingWave ===
make[1]: Entering directory 'C:/docker_projects/real_time_data_engineering/pipelines/06-redpanda-risingwave'
docker compose --profile generate --profile dbt down -v
make[1]: Leaving directory 'C:/docker_projects/real_time_data_engineering/pipelines/06-redpanda-risingwave'
[1/4] Infrastructure up...
C:/Users/ghadf/scoop/apps/make/current/bin/make.exe up
make[1]: Entering directory 'C:/docker_projects/real_time_data_engineering/pipelines/06-redpanda-risingwave'
docker compose up -d redpanda risingwave
time="2026-02-21T11:25:22-05:00" level=warning msg="C:\\docker_projects\\real_time_data_engineering\\pipelines\\06-redpanda-risingwave\\docker-compose.yml: the attribute `version` is obsolete, it will be ignored, please remove it to avoid potential confusion"
 Network 06-redpanda-risingwave_pipeline-net  Creating
 Network 06-redpanda-risingwave_pipeline-net  Created
 Volume 06-redpanda-risingwave_risingwave-data  Creating
 Volume 06-redpanda-risingwave_risingwave-data  Created
 Volume 06-redpanda-risingwave_redpanda-data  Creating
 Volume 06-redpanda-risingwave_redpanda-data  Created
 Container p06-redpanda  Creating
 Container p06-redpanda  Created
 Container p06-risingwave  Creating
 Container p06-risingwave  Created
 Container p06-redpanda  Starting
 Container p06-redpanda  Started
 Container p06-redpanda  Waiting
 Container p06-redpanda  Healthy
 Container p06-risingwave  Starting
 Container p06-risingwave  Started
Waiting for services to be healthy...
time="2026-02-21T11:25:33-05:00" level=warning msg="C:\\docker_projects\\real_time_data_engineering\\pipelines\\06-redpanda-risingwave\\docker-compose.yml: the attribute `version` is obsolete, it will be ignored, please remove it to avoid potential confusion"
Healthy:                          true
Redpanda is ready.
Creating topics via rpk...
C:/Users/ghadf/scoop/apps/make/current/bin/make.exe topics
make[2]: Entering directory 'C:/docker_projects/real_time_data_engineering/pipelines/06-redpanda-risingwave'
docker compose exec redpanda rpk topic create taxi.raw_trips \
	--brokers redpanda:9092 \
	--partitions 3 \
	--replicas 1 || true
time="2026-02-21T11:25:39-05:00" level=warning msg="C:\\docker_projects\\real_time_data_engineering\\pipelines\\06-redpanda-risingwave\\docker-compose.yml: the attribute `version` is obsolete, it will be ignored, please remove it to avoid potential confusion"
TOPIC           STATUS
taxi.raw_trips  OK
Topics created.
make[2]: Leaving directory 'C:/docker_projects/real_time_data_engineering/pipelines/06-redpanda-risingwave'
make[1]: Leaving directory 'C:/docker_projects/real_time_data_engineering/pipelines/06-redpanda-risingwave'
[2/4] Creating RisingWave streaming objects...
C:/Users/ghadf/scoop/apps/make/current/bin/make.exe process
make[1]: Entering directory 'C:/docker_projects/real_time_data_engineering/pipelines/06-redpanda-risingwave'
Submitting RisingWave SQL scripts...
MSYS_NO_PATHCONV=1 docker run --rm --network 06-redpanda-risingwave_pipeline-net \
	-v "$(pwd)/risingwave/sql:/sql:ro" postgres:alpine \
	psql -h risingwave -p 4566 -U root -d dev -f /sql/01-create-source.sql || true
CREATE_SOURCE
[1/3] Redpanda source created.
MSYS_NO_PATHCONV=1 docker run --rm --network 06-redpanda-risingwave_pipeline-net \
	-v "$(pwd)/risingwave/sql:/sql:ro" postgres:alpine \
	psql -h risingwave -p 4566 -U root -d dev -f /sql/02-mv-bronze-trips.sql || true
CREATE_MATERIALIZED_VIEW
[2/3] Bronze materialized view created.
MSYS_NO_PATHCONV=1 docker run --rm --network 06-redpanda-risingwave_pipeline-net \
	-v "$(pwd)/risingwave/sql:/sql:ro" postgres:alpine \
	psql -h risingwave -p 4566 -U root -d dev -f /sql/03-mv-silver-metrics.sql || true
CREATE_MATERIALIZED_VIEW
[3/3] Silver materialized view created.
All RisingWave objects created. MVs will update automatically as Redpanda events arrive.
make[1]: Leaving directory 'C:/docker_projects/real_time_data_engineering/pipelines/06-redpanda-risingwave'
[3/4] Generating events (10k)...
C:/Users/ghadf/scoop/apps/make/current/bin/make.exe generate-limited
make[1]: Entering directory 'C:/docker_projects/real_time_data_engineering/pipelines/06-redpanda-risingwave'
MSYS_NO_PATHCONV=1 docker compose run --rm -e MAX_EVENTS=10000 data-generator
time="2026-02-21T11:25:45-05:00" level=warning msg="C:\\docker_projects\\real_time_data_engineering\\pipelines\\06-redpanda-risingwave\\docker-compose.yml: the attribute `version` is obsolete, it will be ignored, please remove it to avoid potential confusion"
 Container p06-redpanda  Running
============================================================
  Taxi Trip Event Generator
============================================================
  Broker:     redpanda:9092
  Topic:      taxi.raw_trips
  Mode:       burst
  Data:       /data/yellow_tripdata_2024-01.parquet
  Max events: 10,000

  Source: /data/yellow_tripdata_2024-01.parquet (2,964,624 rows, sending 10,000)

============================================================
  GENERATOR COMPLETE
  Events:  10,000
  Elapsed: 0.45s
  Rate:    22,325 events/sec
============================================================
  Metrics written to /tmp/generator_metrics.json
Limited generation complete (10k events).
make[1]: Leaving directory 'C:/docker_projects/real_time_data_engineering/pipelines/06-redpanda-risingwave'
[4/4] Running dbt build...
C:/Users/ghadf/scoop/apps/make/current/bin/make.exe dbt-build
make[1]: Entering directory 'C:/docker_projects/real_time_data_engineering/pipelines/06-redpanda-risingwave'
MSYS_NO_PATHCONV=1 docker compose run --rm --entrypoint /bin/sh dbt -c "dbt deps --profiles-dir . && dbt build --full-refresh --profiles-dir ."
time="2026-02-21T11:25:47-05:00" level=warning msg="C:\\docker_projects\\real_time_data_engineering\\pipelines\\06-redpanda-risingwave\\docker-compose.yml: the attribute `version` is obsolete, it will be ignored, please remove it to avoid potential confusion"
 Container p06-redpanda  Running
 Container p06-risingwave  Running
 Container p06-redpanda  Waiting
 Container p06-redpanda  Healthy
[0m16:25:49  Running with dbt=1.11.5
[0m16:25:50  Installing dbt-labs/dbt_utils
[0m16:25:53  Installed from version 1.3.3
[0m16:25:53  Up to date!
[0m16:25:56  Running with dbt=1.11.5
[0m16:25:56  Registered adapter: postgres=1.10.0
[0m16:25:57  Found 14 models, 71 data tests, 3 seeds, 1 source, 600 macros
[0m16:25:57  
[0m16:25:57  Concurrency: 1 threads (target='dev')
[0m16:25:57  
[0m16:25:57  1 of 88 START sql table model public.dim_dates ................................. [RUN]
[0m16:25:57  1 of 88 ERROR creating sql table model public.dim_dates ........................ [[31mERROR[0m in 0.08s]
[0m16:25:57  2 of 88 START sql view model public.stg_yellow_trips ........................... [RUN]
[0m16:25:57  2 of 88 ERROR creating sql view model public.stg_yellow_trips .................. [[31mERROR[0m in 0.03s]
[0m16:25:57  3 of 88 START seed file public_public.payment_type_lookup ...................... [RUN]
[0m16:25:57  3 of 88 OK loaded seed file public_public.payment_type_lookup .................. [[32mCREATE 6[0m in 0.10s]
[0m16:25:57  4 of 88 START seed file public_public.rate_code_lookup ......................... [RUN]
[0m16:25:57  4 of 88 OK loaded seed file public_public.rate_code_lookup ..................... [[32mCREATE 7[0m in 0.07s]
[0m16:25:57  5 of 88 START seed file public_public.taxi_zone_lookup ......................... [RUN]
[0m16:25:58  5 of 88 OK loaded seed file public_public.taxi_zone_lookup ..................... [[32mCREATE 265[0m in 0.11s]
[0m16:25:58  6 of 88 SKIP test not_null_dim_dates_date_key .................................. [[33mSKIP[0m]
[0m16:25:58  7 of 88 SKIP test not_null_dim_dates_day_of_week_name .......................... [[33mSKIP[0m]
[0m16:25:58  8 of 88 SKIP test not_null_dim_dates_is_holiday ................................ [[33mSKIP[0m]
[0m16:25:58  9 of 88 SKIP test not_null_dim_dates_is_weekend ................................ [[33mSKIP[0m]
[0m16:25:58  10 of 88 SKIP test unique_dim_dates_date_key ................................... [[33mSKIP[0m]
[0m16:25:58  11 of 88 SKIP test accepted_values_stg_yellow_trips_payment_type_id__0__1__2__3__4__5__6  [[33mSKIP[0m]
[0m16:25:58  12 of 88 SKIP test accepted_values_stg_yellow_trips_rate_code_id__1__2__3__4__5__6__99  [[33mSKIP[0m]
[0m16:25:58  13 of 88 SKIP test accepted_values_stg_yellow_trips_vendor_id__1__2__6 ......... [[33mSKIP[0m]
[0m16:25:58  14 of 88 SKIP test assert_fare_not_exceeds_total ............................... [[33mSKIP[0m]
[0m16:25:58  15 of 88 SKIP test not_null_stg_yellow_trips_dropoff_datetime .................. [[33mSKIP[0m]
[0m16:25:58  16 of 88 SKIP test not_null_stg_yellow_trips_dropoff_location_id ............... [[33mSKIP[0m]
[0m16:25:58  17 of 88 SKIP test not_null_stg_yellow_trips_fare_amount ....................... [[33mSKIP[0m]
[0m16:25:58  18 of 88 SKIP test not_null_stg_yellow_trips_pickup_datetime ................... [[33mSKIP[0m]
[0m16:25:58  19 of 88 SKIP test not_null_stg_yellow_trips_pickup_location_id ................ [[33mSKIP[0m]
[0m16:25:58  20 of 88 SKIP test not_null_stg_yellow_trips_total_amount ...................... [[33mSKIP[0m]
[0m16:25:58  21 of 88 SKIP test not_null_stg_yellow_trips_trip_distance_miles ............... [[33mSKIP[0m]
[0m16:25:58  22 of 88 SKIP test not_null_stg_yellow_trips_trip_id ........................... [[33mSKIP[0m]
[0m16:25:58  23 of 88 SKIP test not_null_stg_yellow_trips_vendor_id ......................... [[33mSKIP[0m]
[0m16:25:58  24 of 88 SKIP test unique_stg_yellow_trips_trip_id ............................. [[33mSKIP[0m]
[0m16:25:58  25 of 88 START test not_null_payment_type_lookup_payment_type_id ............... [RUN]
[0m16:25:58  25 of 88 PASS not_null_payment_type_lookup_payment_type_id ..................... [[32mPASS[0m in 0.03s]
[0m16:25:58  26 of 88 START test unique_payment_type_lookup_payment_type_id ................. [RUN]
[0m16:25:58  26 of 88 PASS unique_payment_type_lookup_payment_type_id ....................... [[32mPASS[0m in 0.03s]
[0m16:25:58  27 of 88 START test not_null_rate_code_lookup_rate_code_id ..................... [RUN]
[0m16:25:58  27 of 88 PASS not_null_rate_code_lookup_rate_code_id ........................... [[32mPASS[0m in 0.02s]
[0m16:25:58  28 of 88 START test unique_rate_code_lookup_rate_code_id ....................... [RUN]
[0m16:25:58  28 of 88 PASS unique_rate_code_lookup_rate_code_id ............................. [[32mPASS[0m in 0.03s]
[0m16:25:58  29 of 88 START sql view model public.stg_taxi_zones ............................ [RUN]
[0m16:25:58  29 of 88 OK created sql view model public.stg_taxi_zones ....................... [[32mCREATE_VIEW[0m in 0.06s]
[0m16:25:58  30 of 88 SKIP relation public.int_trip_metrics ................................. [[33mSKIP[0m]
[0m16:25:58  31 of 88 START sql view model public.stg_payment_types ......................... [RUN]
[0m16:25:58  31 of 88 OK created sql view model public.stg_payment_types .................... [[32mCREATE_VIEW[0m in 0.06s]
[0m16:25:58  32 of 88 START sql view model public.stg_rate_codes ............................ [RUN]
[0m16:25:58  32 of 88 OK created sql view model public.stg_rate_codes ....................... [[32mCREATE_VIEW[0m in 0.02s]
[0m16:25:58  33 of 88 START test not_null_stg_taxi_zones_borough ............................ [RUN]
[0m16:25:58  33 of 88 PASS not_null_stg_taxi_zones_borough .................................. [[32mPASS[0m in 0.04s]
[0m16:25:58  34 of 88 START test not_null_stg_taxi_zones_location_id ........................ [RUN]
[0m16:25:58  34 of 88 PASS not_null_stg_taxi_zones_location_id .............................. [[32mPASS[0m in 0.03s]
[0m16:25:58  35 of 88 START test not_null_stg_taxi_zones_zone_name .......................... [RUN]
[0m16:25:58  35 of 88 PASS not_null_stg_taxi_zones_zone_name ................................ [[32mPASS[0m in 0.03s]
[0m16:25:58  36 of 88 SKIP test relationships_stg_yellow_trips_dropoff_location_id__location_id__ref_stg_taxi_zones_  [[33mSKIP[0m]
[0m16:25:58  37 of 88 SKIP test relationships_stg_yellow_trips_pickup_location_id__location_id__ref_stg_taxi_zones_  [[33mSKIP[0m]
[0m16:25:58  38 of 88 START test unique_stg_taxi_zones_location_id .......................... [RUN]
[0m16:25:58  38 of 88 PASS unique_stg_taxi_zones_location_id ................................ [[32mPASS[0m in 0.03s]
[0m16:25:58  39 of 88 SKIP test assert_trip_duration_positive ............................... [[33mSKIP[0m]
[0m16:25:58  40 of 88 SKIP test dbt_utils_accepted_range_int_trip_metrics_pickup_hour__23__0  [[33mSKIP[0m]
[0m16:25:58  41 of 88 SKIP test dbt_utils_accepted_range_int_trip_metrics_trip_duration_minutes__720__1  [[33mSKIP[0m]
[0m16:25:58  42 of 88 SKIP test not_null_int_trip_metrics_is_weekend ........................ [[33mSKIP[0m]
[0m16:25:58  43 of 88 SKIP test not_null_int_trip_metrics_pickup_date ....................... [[33mSKIP[0m]
[0m16:25:58  44 of 88 SKIP test not_null_int_trip_metrics_pickup_hour ....................... [[33mSKIP[0m]
[0m16:25:58  45 of 88 SKIP test not_null_int_trip_metrics_trip_duration_minutes ............. [[33mSKIP[0m]
[0m16:25:58  46 of 88 SKIP test not_null_int_trip_metrics_trip_id ........................... [[33mSKIP[0m]
[0m16:25:58  47 of 88 START test not_null_stg_payment_types_payment_type_id ................. [RUN]
[0m16:25:58  47 of 88 PASS not_null_stg_payment_types_payment_type_id ....................... [[32mPASS[0m in 0.03s]
[0m16:25:58  48 of 88 START test not_null_stg_payment_types_payment_type_name ............... [RUN]
[0m16:25:58  48 of 88 PASS not_null_stg_payment_types_payment_type_name ..................... [[32mPASS[0m in 0.03s]
[0m16:25:58  49 of 88 START test unique_stg_payment_types_payment_type_id ................... [RUN]
[0m16:25:58  49 of 88 PASS unique_stg_payment_types_payment_type_id ......................... [[32mPASS[0m in 0.03s]
[0m16:25:58  50 of 88 START test not_null_stg_rate_codes_rate_code_id ....................... [RUN]
[0m16:25:58  50 of 88 PASS not_null_stg_rate_codes_rate_code_id ............................. [[32mPASS[0m in 0.03s]
[0m16:25:58  51 of 88 START test not_null_stg_rate_codes_rate_code_name ..................... [RUN]
[0m16:25:58  51 of 88 PASS not_null_stg_rate_codes_rate_code_name ........................... [[32mPASS[0m in 0.03s]
[0m16:25:58  52 of 88 START test unique_stg_rate_codes_rate_code_id ......................... [RUN]
[0m16:25:58  52 of 88 PASS unique_stg_rate_codes_rate_code_id ............................... [[32mPASS[0m in 0.03s]
[0m16:25:58  53 of 88 START sql table model public.dim_locations ............................ [RUN]
[0m16:25:58  53 of 88 OK created sql table model public.dim_locations ....................... [[32mINSERT 0 265[0m in 0.12s]
[0m16:25:58  54 of 88 SKIP relation public.int_daily_summary ................................ [[33mSKIP[0m]
[0m16:25:58  55 of 88 SKIP relation public.int_hourly_patterns .............................. [[33mSKIP[0m]
[0m16:25:58  56 of 88 START sql table model public.dim_payment_types ........................ [RUN]
[0m16:25:58  56 of 88 OK created sql table model public.dim_payment_types ................... [[32mINSERT 0 6[0m in 0.09s]
[0m16:25:58  57 of 88 START test not_null_dim_locations_borough ............................. [RUN]
[0m16:25:58  57 of 88 PASS not_null_dim_locations_borough ................................... [[32mPASS[0m in 0.03s]
[0m16:25:58  58 of 88 START test not_null_dim_locations_location_id ......................... [RUN]
[0m16:25:58  58 of 88 PASS not_null_dim_locations_location_id ............................... [[32mPASS[0m in 0.03s]
[0m16:25:58  59 of 88 START test not_null_dim_locations_zone_name ........................... [RUN]
[0m16:25:58  59 of 88 PASS not_null_dim_locations_zone_name ................................. [[32mPASS[0m in 0.02s]
[0m16:25:58  60 of 88 START test unique_dim_locations_location_id ........................... [RUN]
[0m16:25:58  60 of 88 PASS unique_dim_locations_location_id ................................. [[32mPASS[0m in 0.03s]
[0m16:25:58  61 of 88 SKIP test dbt_utils_accepted_range_int_daily_summary_total_trips__0 ... [[33mSKIP[0m]
[0m16:25:58  62 of 88 SKIP test not_null_int_daily_summary_pickup_date ...................... [[33mSKIP[0m]
[0m16:25:58  63 of 88 SKIP test not_null_int_daily_summary_total_revenue .................... [[33mSKIP[0m]
[0m16:25:58  64 of 88 SKIP test not_null_int_daily_summary_total_trips ...................... [[33mSKIP[0m]
[0m16:25:58  65 of 88 SKIP test unique_int_daily_summary_pickup_date ........................ [[33mSKIP[0m]
[0m16:25:58  66 of 88 SKIP test dbt_utils_accepted_range_int_hourly_patterns_pickup_hour__23__0  [[33mSKIP[0m]
[0m16:25:58  67 of 88 SKIP test not_null_int_hourly_patterns_pickup_date .................... [[33mSKIP[0m]
[0m16:25:58  68 of 88 SKIP test not_null_int_hourly_patterns_pickup_hour .................... [[33mSKIP[0m]
[0m16:25:59  69 of 88 SKIP test not_null_int_hourly_patterns_total_trips .................... [[33mSKIP[0m]
[0m16:25:59  70 of 88 START test not_null_dim_payment_types_payment_type_id ................. [RUN]
[0m16:25:59  70 of 88 PASS not_null_dim_payment_types_payment_type_id ....................... [[32mPASS[0m in 0.02s]
[0m16:25:59  71 of 88 START test not_null_dim_payment_types_payment_type_name ............... [RUN]
[0m16:25:59  71 of 88 PASS not_null_dim_payment_types_payment_type_name ..................... [[32mPASS[0m in 0.02s]
[0m16:25:59  72 of 88 START test unique_dim_payment_types_payment_type_id ................... [RUN]
[0m16:25:59  72 of 88 PASS unique_dim_payment_types_payment_type_id ......................... [[32mPASS[0m in 0.03s]
[0m16:25:59  73 of 88 SKIP relation public.fct_trips ........................................ [[33mSKIP[0m]
[0m16:25:59  74 of 88 SKIP relation public.mart_daily_revenue ............................... [[33mSKIP[0m]
[0m16:25:59  75 of 88 SKIP relation public.mart_hourly_demand ............................... [[33mSKIP[0m]
[0m16:25:59  76 of 88 SKIP test not_null_fct_trips_pickup_datetime .......................... [[33mSKIP[0m]
[0m16:25:59  77 of 88 SKIP test not_null_fct_trips_total_amount ............................. [[33mSKIP[0m]
[0m16:25:59  78 of 88 SKIP test not_null_fct_trips_trip_id .................................. [[33mSKIP[0m]
[0m16:25:59  79 of 88 SKIP test unique_fct_trips_trip_id .................................... [[33mSKIP[0m]
[0m16:25:59  80 of 88 SKIP test not_null_mart_daily_revenue_date_key ........................ [[33mSKIP[0m]
[0m16:25:59  81 of 88 SKIP test not_null_mart_daily_revenue_total_revenue ................... [[33mSKIP[0m]
[0m16:25:59  82 of 88 SKIP test unique_mart_daily_revenue_date_key .......................... [[33mSKIP[0m]
[0m16:25:59  83 of 88 SKIP test not_null_mart_hourly_demand_is_weekend ...................... [[33mSKIP[0m]
[0m16:25:59  84 of 88 SKIP test not_null_mart_hourly_demand_pickup_hour ..................... [[33mSKIP[0m]
[0m16:25:59  85 of 88 SKIP relation public.mart_location_performance ........................ [[33mSKIP[0m]
[0m16:25:59  86 of 88 SKIP test not_null_mart_location_performance_pickup_location_id ....... [[33mSKIP[0m]
[0m16:25:59  87 of 88 SKIP test not_null_mart_location_performance_total_pickups ............ [[33mSKIP[0m]
[0m16:25:59  88 of 88 SKIP test unique_mart_location_performance_pickup_location_id ......... [[33mSKIP[0m]
[0m16:25:59  
[0m16:25:59  Finished running 1 incremental model, 3 seeds, 6 table models, 71 data tests, 7 view models in 0 hours 0 minutes and 1.55 seconds (1.55s).
[0m16:25:59  
[0m16:25:59  [31mCompleted with 2 errors, 0 partial successes, and 0 warnings:[0m
[0m16:25:59  
[0m16:25:59  [31mFailure in model dim_dates (models/marts/core/dim_dates.sql)[0m
[0m16:25:59    Compilation Error in model dim_dates (models/marts/core/dim_dates.sql)
  This model has an enforced contract that failed.
  Please ensure the name, data_type, and number of columns in your contract match the columns in your model's definition.
  
  | column_name     | definition_type | contract_type | mismatch_reason    |
  | --------------- | --------------- | ------------- | ------------------ |
  | day_of_month    | DECIMAL         | LONGINTEGER   | data type mismatch |
  | day_of_week_num | DECIMAL         | LONGINTEGER   | data type mismatch |
  | month           | DECIMAL         | LONGINTEGER   | data type mismatch |
  | week_of_year    | DECIMAL         | LONGINTEGER   | data type mismatch |
  | year            | DECIMAL         | LONGINTEGER   | data type mismatch |
  
  
  > in macro assert_columns_equivalent (macros/relations/column/columns_spec_ddl.sql)
  > called by macro default__get_assert_columns_equivalent (macros/relations/column/columns_spec_ddl.sql)
  > called by macro get_assert_columns_equivalent (macros/relations/column/columns_spec_ddl.sql)
  > called by macro postgres__create_table_as (macros/adapters.sql)
  > called by macro create_table_as (macros/relations/table/create.sql)
  > called by macro default__get_create_table_as_sql (macros/relations/table/create.sql)
  > called by macro get_create_table_as_sql (macros/relations/table/create.sql)
  > called by macro statement (macros/etc/statement.sql)
  > called by macro materialization_table_default (macros/materializations/models/table.sql)
  > called by model dim_dates (models/marts/core/dim_dates.sql)
[0m16:25:59  
[0m16:25:59    compiled code at target/compiled/nyc_taxi_pipeline_06/models/marts/core/dim_dates.sql
[0m16:25:59  
[0m16:25:59  [31mFailure in model stg_yellow_trips (models/staging/stg_yellow_trips.sql)[0m
[0m16:25:59    Database Error in model stg_yellow_trips (models/staging/stg_yellow_trips.sql)
  Failed to run the query
  
  Caused by these errors (recent errors listed first):
    1: Failed to bind expression: md5(CAST(coalesce(CAST(VendorID AS TEXT), '_dbt_utils_surrogate_key_null_') || '-' || coalesce(CAST(tpep_pickup_datetime AS TEXT), '_dbt_utils_surrogate_key_null_') || '-' || coalesce(CAST(tpep_dropoff_datetime AS TEXT), '_dbt_utils_surrogate_key_null_') || '-' || coalesce(CAST(PULocationID AS TEXT), '_dbt_utils_surrogate_key_null_') || '-' || coalesce(CAST(DOLocationID AS TEXT), '_dbt_utils_surrogate_key_null_') || '-' || coalesce(CAST(fare_amount AS TEXT), '_dbt_utils_surrogate_key_null_') || '-' || coalesce(CAST(total_amount AS TEXT), '_dbt_utils_surrogate_key_null_') AS TEXT))
    2: Item not found: Invalid column: vendorid
  compiled code at target/run/nyc_taxi_pipeline_06/models/staging/stg_yellow_trips.sql
[0m16:25:59  
[0m16:25:59    compiled code at target/compiled/nyc_taxi_pipeline_06/models/staging/stg_yellow_trips.sql
[0m16:25:59  
[0m16:25:59  Done. PASS=29 WARN=0 ERROR=2 SKIP=57 NO-OP=0 TOTAL=88

make[1]: *** [Makefile:58: dbt-build] Error 1
make[1]: Leaving directory 'C:/docker_projects/real_time_data_engineering/pipelines/06-redpanda-risingwave'
make: *** [Makefile:70: benchmark] Error 2
docker compose --profile generate --profile dbt down -v
time="2026-02-21T11:25:59-05:00" level=warning msg="C:\\docker_projects\\real_time_data_engineering\\pipelines\\06-redpanda-risingwave\\docker-compose.yml: the attribute `version` is obsolete, it will be ignored, please remove it to avoid potential confusion"
 Container p06-risingwave  Stopping
 Container p06-risingwave  Stopped
 Container p06-risingwave  Removing
 Container p06-risingwave  Removed
 Container p06-redpanda  Stopping
 Container p06-redpanda  Stopped
 Container p06-redpanda  Removing
 Container p06-redpanda  Removed
 Volume 06-redpanda-risingwave_risingwave-data  Removing
 Volume 06-redpanda-risingwave_redpanda-data  Removing
 Network 06-redpanda-risingwave_pipeline-net  Removing
 Volume 06-redpanda-risingwave_risingwave-data  Removed
 Volume 06-redpanda-risingwave_redpanda-data  Removed
 Network 06-redpanda-risingwave_pipeline-net  Removed
make: *** No rule to make target 'clean'.  Stop.
docker compose --profile generate --profile dbt down -v
time="2026-02-21T12:52:13-05:00" level=warning msg="C:\\docker_projects\\real_time_data_engineering\\pipelines\\06-redpanda-risingwave\\docker-compose.yml: the attribute `version` is obsolete, it will be ignored, please remove it to avoid potential confusion"
docker compose up -d redpanda risingwave
time="2026-02-21T12:52:15-05:00" level=warning msg="C:\\docker_projects\\real_time_data_engineering\\pipelines\\06-redpanda-risingwave\\docker-compose.yml: the attribute `version` is obsolete, it will be ignored, please remove it to avoid potential confusion"
 Network 06-redpanda-risingwave_pipeline-net  Creating
 Network 06-redpanda-risingwave_pipeline-net  Created
 Volume 06-redpanda-risingwave_redpanda-data  Creating
 Volume 06-redpanda-risingwave_redpanda-data  Created
 Volume 06-redpanda-risingwave_risingwave-data  Creating
 Volume 06-redpanda-risingwave_risingwave-data  Created
 Container p06-redpanda  Creating
 Container p06-redpanda  Created
 Container p06-risingwave  Creating
 Container p06-risingwave  Created
 Container p06-redpanda  Starting
 Container p06-redpanda  Started
 Container p06-redpanda  Waiting
 Container p06-redpanda  Healthy
 Container p06-risingwave  Starting
 Container p06-risingwave  Started
Waiting for services to be healthy...
time="2026-02-21T12:52:31-05:00" level=warning msg="C:\\docker_projects\\real_time_data_engineering\\pipelines\\06-redpanda-risingwave\\docker-compose.yml: the attribute `version` is obsolete, it will be ignored, please remove it to avoid potential confusion"
Healthy:                          true
Redpanda is ready.
Creating topics via rpk...
C:/Users/ghadf/scoop/apps/make/current/bin/make.exe topics
make[1]: Entering directory 'C:/docker_projects/real_time_data_engineering/pipelines/06-redpanda-risingwave'
docker compose exec redpanda rpk topic create taxi.raw_trips \
	--brokers redpanda:9092 \
	--partitions 3 \
	--replicas 1 || true
time="2026-02-21T12:52:37-05:00" level=warning msg="C:\\docker_projects\\real_time_data_engineering\\pipelines\\06-redpanda-risingwave\\docker-compose.yml: the attribute `version` is obsolete, it will be ignored, please remove it to avoid potential confusion"
TOPIC           STATUS
taxi.raw_trips  OK
Topics created.
make[1]: Leaving directory 'C:/docker_projects/real_time_data_engineering/pipelines/06-redpanda-risingwave'
=== Benchmark: Pipeline 06 - Redpanda + RisingWave ===
make[1]: Entering directory 'C:/docker_projects/real_time_data_engineering/pipelines/06-redpanda-risingwave'
docker compose --profile generate --profile dbt down -v
make[1]: Leaving directory 'C:/docker_projects/real_time_data_engineering/pipelines/06-redpanda-risingwave'
[1/4] Infrastructure up...
C:/Users/ghadf/scoop/apps/make/current/bin/make.exe up
make[1]: Entering directory 'C:/docker_projects/real_time_data_engineering/pipelines/06-redpanda-risingwave'
docker compose up -d redpanda risingwave
time="2026-02-21T12:52:50-05:00" level=warning msg="C:\\docker_projects\\real_time_data_engineering\\pipelines\\06-redpanda-risingwave\\docker-compose.yml: the attribute `version` is obsolete, it will be ignored, please remove it to avoid potential confusion"
 Network 06-redpanda-risingwave_pipeline-net  Creating
 Network 06-redpanda-risingwave_pipeline-net  Created
 Volume 06-redpanda-risingwave_risingwave-data  Creating
 Volume 06-redpanda-risingwave_risingwave-data  Created
 Volume 06-redpanda-risingwave_redpanda-data  Creating
 Volume 06-redpanda-risingwave_redpanda-data  Created
 Container p06-redpanda  Creating
 Container p06-redpanda  Created
 Container p06-risingwave  Creating
 Container p06-risingwave  Created
 Container p06-redpanda  Starting
 Container p06-redpanda  Started
 Container p06-redpanda  Waiting
 Container p06-redpanda  Healthy
 Container p06-risingwave  Starting
 Container p06-risingwave  Started
Waiting for services to be healthy...
time="2026-02-21T12:53:02-05:00" level=warning msg="C:\\docker_projects\\real_time_data_engineering\\pipelines\\06-redpanda-risingwave\\docker-compose.yml: the attribute `version` is obsolete, it will be ignored, please remove it to avoid potential confusion"
Healthy:                          true
Redpanda is ready.
Creating topics via rpk...
C:/Users/ghadf/scoop/apps/make/current/bin/make.exe topics
make[2]: Entering directory 'C:/docker_projects/real_time_data_engineering/pipelines/06-redpanda-risingwave'
docker compose exec redpanda rpk topic create taxi.raw_trips \
	--brokers redpanda:9092 \
	--partitions 3 \
	--replicas 1 || true
time="2026-02-21T12:53:08-05:00" level=warning msg="C:\\docker_projects\\real_time_data_engineering\\pipelines\\06-redpanda-risingwave\\docker-compose.yml: the attribute `version` is obsolete, it will be ignored, please remove it to avoid potential confusion"
TOPIC           STATUS
taxi.raw_trips  OK
Topics created.
make[2]: Leaving directory 'C:/docker_projects/real_time_data_engineering/pipelines/06-redpanda-risingwave'
make[1]: Leaving directory 'C:/docker_projects/real_time_data_engineering/pipelines/06-redpanda-risingwave'
[2/4] Creating RisingWave streaming objects...
C:/Users/ghadf/scoop/apps/make/current/bin/make.exe process
make[1]: Entering directory 'C:/docker_projects/real_time_data_engineering/pipelines/06-redpanda-risingwave'
Submitting RisingWave SQL scripts...
MSYS_NO_PATHCONV=1 docker run --rm --network 06-redpanda-risingwave_pipeline-net \
	-v "$(pwd)/risingwave/sql:/sql:ro" postgres:alpine \
	psql -h risingwave -p 4566 -U root -d dev -f /sql/01-create-source.sql || true
CREATE_SOURCE
[1/3] Redpanda source created.
MSYS_NO_PATHCONV=1 docker run --rm --network 06-redpanda-risingwave_pipeline-net \
	-v "$(pwd)/risingwave/sql:/sql:ro" postgres:alpine \
	psql -h risingwave -p 4566 -U root -d dev -f /sql/02-mv-bronze-trips.sql || true
CREATE_MATERIALIZED_VIEW
[2/3] Bronze materialized view created.
MSYS_NO_PATHCONV=1 docker run --rm --network 06-redpanda-risingwave_pipeline-net \
	-v "$(pwd)/risingwave/sql:/sql:ro" postgres:alpine \
	psql -h risingwave -p 4566 -U root -d dev -f /sql/03-mv-silver-metrics.sql || true
CREATE_MATERIALIZED_VIEW
[3/3] Silver materialized view created.
All RisingWave objects created. MVs will update automatically as Redpanda events arrive.
make[1]: Leaving directory 'C:/docker_projects/real_time_data_engineering/pipelines/06-redpanda-risingwave'
[3/4] Generating events (10k)...
C:/Users/ghadf/scoop/apps/make/current/bin/make.exe generate-limited
make[1]: Entering directory 'C:/docker_projects/real_time_data_engineering/pipelines/06-redpanda-risingwave'
MSYS_NO_PATHCONV=1 docker compose run --rm -e MAX_EVENTS=10000 data-generator
time="2026-02-21T12:53:13-05:00" level=warning msg="C:\\docker_projects\\real_time_data_engineering\\pipelines\\06-redpanda-risingwave\\docker-compose.yml: the attribute `version` is obsolete, it will be ignored, please remove it to avoid potential confusion"
 Container p06-redpanda  Running
============================================================
  Taxi Trip Event Generator
============================================================
  Broker:     redpanda:9092
  Topic:      taxi.raw_trips
  Mode:       burst
  Data:       /data/yellow_tripdata_2024-01.parquet
  Max events: 10,000

  Source: /data/yellow_tripdata_2024-01.parquet (2,964,624 rows, sending 10,000)

============================================================
  GENERATOR COMPLETE
  Events:  10,000
  Elapsed: 0.48s
  Rate:    20,991 events/sec
============================================================
  Metrics written to /tmp/generator_metrics.json
Limited generation complete (10k events).
make[1]: Leaving directory 'C:/docker_projects/real_time_data_engineering/pipelines/06-redpanda-risingwave'
[4/4] Running dbt build...
C:/Users/ghadf/scoop/apps/make/current/bin/make.exe dbt-build
make[1]: Entering directory 'C:/docker_projects/real_time_data_engineering/pipelines/06-redpanda-risingwave'
MSYS_NO_PATHCONV=1 docker compose run --rm --entrypoint /bin/sh dbt -c "dbt deps --profiles-dir . && dbt build --full-refresh --profiles-dir ."
time="2026-02-21T12:53:16-05:00" level=warning msg="C:\\docker_projects\\real_time_data_engineering\\pipelines\\06-redpanda-risingwave\\docker-compose.yml: the attribute `version` is obsolete, it will be ignored, please remove it to avoid potential confusion"
 Container p06-redpanda  Running
 Container p06-risingwave  Running
 Container p06-redpanda  Waiting
 Container p06-redpanda  Healthy
[0m17:53:19  Running with dbt=1.11.5
[0m17:53:20  Installing dbt-labs/dbt_utils
[0m17:53:22  Installed from version 1.3.3
[0m17:53:22  Up to date!
[0m17:53:24  Running with dbt=1.11.5
[0m17:53:24  Registered adapter: postgres=1.10.0
[0m17:53:24  Unable to do partial parsing because saved manifest not found. Starting full parse.
[0m17:53:26  Found 14 models, 71 data tests, 3 seeds, 1 source, 600 macros
[0m17:53:26  
[0m17:53:26  Concurrency: 1 threads (target='dev')
[0m17:53:26  
[0m17:53:26  1 of 88 START sql table model public.dim_dates ................................. [RUN]
[0m17:53:26  1 of 88 OK created sql table model public.dim_dates ............................ [[32mINSERT 0 31[0m in 0.14s]
[0m17:53:26  2 of 88 START sql view model public.stg_yellow_trips ........................... [RUN]
[0m17:53:26  2 of 88 OK created sql view model public.stg_yellow_trips ...................... [[32mCREATE_VIEW[0m in 0.07s]
[0m17:53:26  3 of 88 START seed file public_public.payment_type_lookup ...................... [RUN]
[0m17:53:26  3 of 88 OK loaded seed file public_public.payment_type_lookup .................. [[32mCREATE 6[0m in 0.09s]
[0m17:53:26  4 of 88 START seed file public_public.rate_code_lookup ......................... [RUN]
[0m17:53:26  4 of 88 OK loaded seed file public_public.rate_code_lookup ..................... [[32mCREATE 7[0m in 0.08s]
[0m17:53:26  5 of 88 START seed file public_public.taxi_zone_lookup ......................... [RUN]
[0m17:53:26  5 of 88 OK loaded seed file public_public.taxi_zone_lookup ..................... [[32mCREATE 265[0m in 0.11s]
[0m17:53:26  6 of 88 START test not_null_dim_dates_date_key ................................. [RUN]
[0m17:53:26  6 of 88 PASS not_null_dim_dates_date_key ....................................... [[32mPASS[0m in 0.03s]
[0m17:53:26  7 of 88 START test not_null_dim_dates_day_of_week_name ......................... [RUN]
[0m17:53:26  7 of 88 PASS not_null_dim_dates_day_of_week_name ............................... [[32mPASS[0m in 0.02s]
[0m17:53:26  8 of 88 START test not_null_dim_dates_is_holiday ............................... [RUN]
[0m17:53:26  8 of 88 PASS not_null_dim_dates_is_holiday ..................................... [[32mPASS[0m in 0.03s]
[0m17:53:26  9 of 88 START test not_null_dim_dates_is_weekend ............................... [RUN]
[0m17:53:26  9 of 88 PASS not_null_dim_dates_is_weekend ..................................... [[32mPASS[0m in 0.03s]
[0m17:53:26  10 of 88 START test unique_dim_dates_date_key .................................. [RUN]
[0m17:53:26  10 of 88 PASS unique_dim_dates_date_key ........................................ [[32mPASS[0m in 0.03s]
[0m17:53:26  11 of 88 START test accepted_values_stg_yellow_trips_payment_type_id__0__1__2__3__4__5__6  [RUN]
[0m17:53:26  11 of 88 PASS accepted_values_stg_yellow_trips_payment_type_id__0__1__2__3__4__5__6  [[32mPASS[0m in 0.03s]
[0m17:53:26  12 of 88 START test accepted_values_stg_yellow_trips_rate_code_id__1__2__3__4__5__6__99  [RUN]
[0m17:53:27  12 of 88 PASS accepted_values_stg_yellow_trips_rate_code_id__1__2__3__4__5__6__99  [[32mPASS[0m in 0.03s]
[0m17:53:27  13 of 88 START test accepted_values_stg_yellow_trips_vendor_id__1__2__6 ........ [RUN]
[0m17:53:27  13 of 88 PASS accepted_values_stg_yellow_trips_vendor_id__1__2__6 .............. [[32mPASS[0m in 0.02s]
[0m17:53:27  14 of 88 START test assert_fare_not_exceeds_total .............................. [RUN]
[0m17:53:27  14 of 88 PASS assert_fare_not_exceeds_total .................................... [[32mPASS[0m in 0.03s]
[0m17:53:27  15 of 88 START test not_null_stg_yellow_trips_dropoff_datetime ................. [RUN]
[0m17:53:27  15 of 88 PASS not_null_stg_yellow_trips_dropoff_datetime ....................... [[32mPASS[0m in 0.02s]
[0m17:53:27  16 of 88 START test not_null_stg_yellow_trips_dropoff_location_id .............. [RUN]
[0m17:53:27  16 of 88 PASS not_null_stg_yellow_trips_dropoff_location_id .................... [[32mPASS[0m in 0.02s]
[0m17:53:27  17 of 88 START test not_null_stg_yellow_trips_fare_amount ...................... [RUN]
[0m17:53:27  17 of 88 PASS not_null_stg_yellow_trips_fare_amount ............................ [[32mPASS[0m in 0.02s]
[0m17:53:27  18 of 88 START test not_null_stg_yellow_trips_pickup_datetime .................. [RUN]
[0m17:53:27  18 of 88 PASS not_null_stg_yellow_trips_pickup_datetime ........................ [[32mPASS[0m in 0.02s]
[0m17:53:27  19 of 88 START test not_null_stg_yellow_trips_pickup_location_id ............... [RUN]
[0m17:53:27  19 of 88 PASS not_null_stg_yellow_trips_pickup_location_id ..................... [[32mPASS[0m in 0.02s]
[0m17:53:27  20 of 88 START test not_null_stg_yellow_trips_total_amount ..................... [RUN]
[0m17:53:27  20 of 88 PASS not_null_stg_yellow_trips_total_amount ........................... [[32mPASS[0m in 0.02s]
[0m17:53:27  21 of 88 START test not_null_stg_yellow_trips_trip_distance_miles .............. [RUN]
[0m17:53:27  21 of 88 PASS not_null_stg_yellow_trips_trip_distance_miles .................... [[32mPASS[0m in 0.02s]
[0m17:53:27  22 of 88 START test not_null_stg_yellow_trips_trip_id .......................... [RUN]
[0m17:53:27  22 of 88 PASS not_null_stg_yellow_trips_trip_id ................................ [[32mPASS[0m in 0.02s]
[0m17:53:27  23 of 88 START test not_null_stg_yellow_trips_vendor_id ........................ [RUN]
[0m17:53:27  23 of 88 PASS not_null_stg_yellow_trips_vendor_id .............................. [[32mPASS[0m in 0.02s]
[0m17:53:27  24 of 88 START test unique_stg_yellow_trips_trip_id ............................ [RUN]
[0m17:53:27  24 of 88 PASS unique_stg_yellow_trips_trip_id .................................. [[32mPASS[0m in 0.03s]
[0m17:53:27  25 of 88 START test not_null_payment_type_lookup_payment_type_id ............... [RUN]
[0m17:53:27  25 of 88 PASS not_null_payment_type_lookup_payment_type_id ..................... [[32mPASS[0m in 0.02s]
[0m17:53:27  26 of 88 START test unique_payment_type_lookup_payment_type_id ................. [RUN]
[0m17:53:27  26 of 88 PASS unique_payment_type_lookup_payment_type_id ....................... [[32mPASS[0m in 0.02s]
[0m17:53:27  27 of 88 START test not_null_rate_code_lookup_rate_code_id ..................... [RUN]
[0m17:53:27  27 of 88 PASS not_null_rate_code_lookup_rate_code_id ........................... [[32mPASS[0m in 0.02s]
[0m17:53:27  28 of 88 START test unique_rate_code_lookup_rate_code_id ....................... [RUN]
[0m17:53:27  28 of 88 PASS unique_rate_code_lookup_rate_code_id ............................. [[32mPASS[0m in 0.03s]
[0m17:53:27  29 of 88 START sql view model public.stg_taxi_zones ............................ [RUN]
[0m17:53:27  29 of 88 OK created sql view model public.stg_taxi_zones ....................... [[32mCREATE_VIEW[0m in 0.06s]
[0m17:53:27  30 of 88 START sql view model public.int_trip_metrics .......................... [RUN]
[0m17:53:27  30 of 88 OK created sql view model public.int_trip_metrics ..................... [[32mCREATE_VIEW[0m in 0.07s]
[0m17:53:27  31 of 88 START sql view model public.stg_payment_types ......................... [RUN]
[0m17:53:27  31 of 88 OK created sql view model public.stg_payment_types .................... [[32mCREATE_VIEW[0m in 0.07s]
[0m17:53:27  32 of 88 START sql view model public.stg_rate_codes ............................ [RUN]
[0m17:53:27  32 of 88 OK created sql view model public.stg_rate_codes ....................... [[32mCREATE_VIEW[0m in 0.02s]
[0m17:53:27  33 of 88 START test not_null_stg_taxi_zones_borough ............................ [RUN]
[0m17:53:27  33 of 88 PASS not_null_stg_taxi_zones_borough .................................. [[32mPASS[0m in 0.03s]
[0m17:53:27  34 of 88 START test not_null_stg_taxi_zones_location_id ........................ [RUN]
[0m17:53:27  34 of 88 PASS not_null_stg_taxi_zones_location_id .............................. [[32mPASS[0m in 0.03s]
[0m17:53:27  35 of 88 START test not_null_stg_taxi_zones_zone_name .......................... [RUN]
[0m17:53:27  35 of 88 PASS not_null_stg_taxi_zones_zone_name ................................ [[32mPASS[0m in 0.03s]
[0m17:53:27  36 of 88 START test relationships_stg_yellow_trips_dropoff_location_id__location_id__ref_stg_taxi_zones_  [RUN]
[0m17:53:27  36 of 88 WARN 9766 relationships_stg_yellow_trips_dropoff_location_id__location_id__ref_stg_taxi_zones_  [[33mWARN 9766[0m in 0.02s]
[0m17:53:27  37 of 88 START test relationships_stg_yellow_trips_pickup_location_id__location_id__ref_stg_taxi_zones_  [RUN]
[0m17:53:27  37 of 88 PASS relationships_stg_yellow_trips_pickup_location_id__location_id__ref_stg_taxi_zones_  [[32mPASS[0m in 0.03s]
[0m17:53:27  38 of 88 START test unique_stg_taxi_zones_location_id .......................... [RUN]
[0m17:53:27  38 of 88 PASS unique_stg_taxi_zones_location_id ................................ [[32mPASS[0m in 0.02s]
[0m17:53:27  39 of 88 START test assert_trip_duration_positive .............................. [RUN]
[0m17:53:27  39 of 88 PASS assert_trip_duration_positive .................................... [[32mPASS[0m in 0.07s]
[0m17:53:27  40 of 88 START test dbt_utils_accepted_range_int_trip_metrics_pickup_hour__23__0  [RUN]
[0m17:53:27  40 of 88 PASS dbt_utils_accepted_range_int_trip_metrics_pickup_hour__23__0 ..... [[32mPASS[0m in 0.03s]
[0m17:53:27  41 of 88 START test dbt_utils_accepted_range_int_trip_metrics_trip_duration_minutes__720__1  [RUN]
[0m17:53:27  41 of 88 PASS dbt_utils_accepted_range_int_trip_metrics_trip_duration_minutes__720__1  [[32mPASS[0m in 0.02s]
[0m17:53:27  42 of 88 START test not_null_int_trip_metrics_is_weekend ....................... [RUN]
[0m17:53:27  42 of 88 PASS not_null_int_trip_metrics_is_weekend ............................. [[32mPASS[0m in 0.02s]
[0m17:53:27  43 of 88 START test not_null_int_trip_metrics_pickup_date ...................... [RUN]
[0m17:53:28  43 of 88 PASS not_null_int_trip_metrics_pickup_date ............................ [[32mPASS[0m in 0.02s]
[0m17:53:28  44 of 88 START test not_null_int_trip_metrics_pickup_hour ...................... [RUN]
[0m17:53:28  44 of 88 PASS not_null_int_trip_metrics_pickup_hour ............................ [[32mPASS[0m in 0.02s]
[0m17:53:28  45 of 88 START test not_null_int_trip_metrics_trip_duration_minutes ............ [RUN]
[0m17:53:28  45 of 88 PASS not_null_int_trip_metrics_trip_duration_minutes .................. [[32mPASS[0m in 0.02s]
[0m17:53:28  46 of 88 START test not_null_int_trip_metrics_trip_id .......................... [RUN]
[0m17:53:28  46 of 88 PASS not_null_int_trip_metrics_trip_id ................................ [[32mPASS[0m in 0.02s]
[0m17:53:28  47 of 88 START test not_null_stg_payment_types_payment_type_id ................. [RUN]
[0m17:53:28  47 of 88 PASS not_null_stg_payment_types_payment_type_id ....................... [[32mPASS[0m in 0.02s]
[0m17:53:28  48 of 88 START test not_null_stg_payment_types_payment_type_name ............... [RUN]
[0m17:53:28  48 of 88 PASS not_null_stg_payment_types_payment_type_name ..................... [[32mPASS[0m in 0.02s]
[0m17:53:28  49 of 88 START test unique_stg_payment_types_payment_type_id ................... [RUN]
[0m17:53:28  49 of 88 PASS unique_stg_payment_types_payment_type_id ......................... [[32mPASS[0m in 0.02s]
[0m17:53:28  50 of 88 START test not_null_stg_rate_codes_rate_code_id ....................... [RUN]
[0m17:53:28  50 of 88 PASS not_null_stg_rate_codes_rate_code_id ............................. [[32mPASS[0m in 0.02s]
[0m17:53:28  51 of 88 START test not_null_stg_rate_codes_rate_code_name ..................... [RUN]
[0m17:53:28  51 of 88 PASS not_null_stg_rate_codes_rate_code_name ........................... [[32mPASS[0m in 0.02s]
[0m17:53:28  52 of 88 START test unique_stg_rate_codes_rate_code_id ......................... [RUN]
[0m17:53:28  52 of 88 PASS unique_stg_rate_codes_rate_code_id ............................... [[32mPASS[0m in 0.02s]
[0m17:53:28  53 of 88 START sql table model public.dim_locations ............................ [RUN]
[0m17:53:28  53 of 88 OK created sql table model public.dim_locations ....................... [[32mINSERT 0 265[0m in 0.09s]
[0m17:53:28  54 of 88 START sql view model public.int_daily_summary ......................... [RUN]
[0m17:53:28  54 of 88 ERROR creating sql view model public.int_daily_summary ................ [[31mERROR[0m in 0.03s]
[0m17:53:28  55 of 88 START sql view model public.int_hourly_patterns ....................... [RUN]
[0m17:53:28  55 of 88 ERROR creating sql view model public.int_hourly_patterns .............. [[31mERROR[0m in 0.02s]
[0m17:53:28  56 of 88 START sql table model public.dim_payment_types ........................ [RUN]
[0m17:53:28  56 of 88 OK created sql table model public.dim_payment_types ................... [[32mINSERT 0 6[0m in 0.09s]
[0m17:53:28  57 of 88 START test not_null_dim_locations_borough ............................. [RUN]
[0m17:53:28  57 of 88 PASS not_null_dim_locations_borough ................................... [[32mPASS[0m in 0.02s]
[0m17:53:28  58 of 88 START test not_null_dim_locations_location_id ......................... [RUN]
[0m17:53:28  58 of 88 PASS not_null_dim_locations_location_id ............................... [[32mPASS[0m in 0.03s]
[0m17:53:28  59 of 88 START test not_null_dim_locations_zone_name ........................... [RUN]
[0m17:53:28  59 of 88 PASS not_null_dim_locations_zone_name ................................. [[32mPASS[0m in 0.03s]
[0m17:53:28  60 of 88 START test unique_dim_locations_location_id ........................... [RUN]
[0m17:53:28  60 of 88 PASS unique_dim_locations_location_id ................................. [[32mPASS[0m in 0.02s]
[0m17:53:28  61 of 88 SKIP test dbt_utils_accepted_range_int_daily_summary_total_trips__0 ... [[33mSKIP[0m]
[0m17:53:28  62 of 88 SKIP test not_null_int_daily_summary_pickup_date ...................... [[33mSKIP[0m]
[0m17:53:28  63 of 88 SKIP test not_null_int_daily_summary_total_revenue .................... [[33mSKIP[0m]
[0m17:53:28  64 of 88 SKIP test not_null_int_daily_summary_total_trips ...................... [[33mSKIP[0m]
[0m17:53:28  65 of 88 SKIP test unique_int_daily_summary_pickup_date ........................ [[33mSKIP[0m]
[0m17:53:28  66 of 88 SKIP test dbt_utils_accepted_range_int_hourly_patterns_pickup_hour__23__0  [[33mSKIP[0m]
[0m17:53:28  67 of 88 SKIP test not_null_int_hourly_patterns_pickup_date .................... [[33mSKIP[0m]
[0m17:53:28  68 of 88 SKIP test not_null_int_hourly_patterns_pickup_hour .................... [[33mSKIP[0m]
[0m17:53:28  69 of 88 SKIP test not_null_int_hourly_patterns_total_trips .................... [[33mSKIP[0m]
[0m17:53:28  70 of 88 START test not_null_dim_payment_types_payment_type_id ................. [RUN]
[0m17:53:28  70 of 88 PASS not_null_dim_payment_types_payment_type_id ....................... [[32mPASS[0m in 0.02s]
[0m17:53:28  71 of 88 START test not_null_dim_payment_types_payment_type_name ............... [RUN]
[0m17:53:28  71 of 88 PASS not_null_dim_payment_types_payment_type_name ..................... [[32mPASS[0m in 0.02s]
[0m17:53:28  72 of 88 START test unique_dim_payment_types_payment_type_id ................... [RUN]
[0m17:53:28  72 of 88 PASS unique_dim_payment_types_payment_type_id ......................... [[32mPASS[0m in 0.03s]
[0m17:53:28  73 of 88 START sql incremental model public.fct_trips .......................... [RUN]
[0m17:53:28  73 of 88 ERROR creating sql incremental model public.fct_trips ................. [[31mERROR[0m in 0.03s]
[0m17:53:28  74 of 88 SKIP relation public.mart_daily_revenue ............................... [[33mSKIP[0m]
[0m17:53:28  75 of 88 SKIP relation public.mart_hourly_demand ............................... [[33mSKIP[0m]
[0m17:53:28  76 of 88 SKIP test not_null_fct_trips_pickup_datetime .......................... [[33mSKIP[0m]
[0m17:53:28  77 of 88 SKIP test not_null_fct_trips_total_amount ............................. [[33mSKIP[0m]
[0m17:53:28  78 of 88 SKIP test not_null_fct_trips_trip_id .................................. [[33mSKIP[0m]
[0m17:53:28  79 of 88 SKIP test unique_fct_trips_trip_id .................................... [[33mSKIP[0m]
[0m17:53:28  80 of 88 SKIP test not_null_mart_daily_revenue_date_key ........................ [[33mSKIP[0m]
[0m17:53:28  81 of 88 SKIP test not_null_mart_daily_revenue_total_revenue ................... [[33mSKIP[0m]
[0m17:53:28  82 of 88 SKIP test unique_mart_daily_revenue_date_key .......................... [[33mSKIP[0m]
[0m17:53:28  83 of 88 SKIP test not_null_mart_hourly_demand_is_weekend ...................... [[33mSKIP[0m]
[0m17:53:28  84 of 88 SKIP test not_null_mart_hourly_demand_pickup_hour ..................... [[33mSKIP[0m]
[0m17:53:28  85 of 88 SKIP relation public.mart_location_performance ........................ [[33mSKIP[0m]
[0m17:53:28  86 of 88 SKIP test not_null_mart_location_performance_pickup_location_id ....... [[33mSKIP[0m]
[0m17:53:28  87 of 88 SKIP test not_null_mart_location_performance_total_pickups ............ [[33mSKIP[0m]
[0m17:53:28  88 of 88 SKIP test unique_mart_location_performance_pickup_location_id ......... [[33mSKIP[0m]
[0m17:53:28  
[0m17:53:28  Finished running 1 incremental model, 3 seeds, 6 table models, 71 data tests, 7 view models in 0 hours 0 minutes and 2.46 seconds (2.46s).
[0m17:53:28  
[0m17:53:28  [31mCompleted with 3 errors, 0 partial successes, and 1 warning:[0m
[0m17:53:28  
[0m17:53:28  [31mFailure in model int_daily_summary (models/intermediate/int_daily_summary.sql)[0m
[0m17:53:28    Database Error in model int_daily_summary (models/intermediate/int_daily_summary.sql)
  Failed to run the query
  
  Caused by these errors (recent errors listed first):
    1: Failed to bind expression: round(avg(trip_distance_miles), 2)
    2: function round_digit(double precision, integer) does not exist
  compiled code at target/run/nyc_taxi_pipeline_06/models/intermediate/int_daily_summary.sql
[0m17:53:28  
[0m17:53:28    compiled code at target/compiled/nyc_taxi_pipeline_06/models/intermediate/int_daily_summary.sql
[0m17:53:28  
[0m17:53:28  [31mFailure in model int_hourly_patterns (models/intermediate/int_hourly_patterns.sql)[0m
[0m17:53:28    Database Error in model int_hourly_patterns (models/intermediate/int_hourly_patterns.sql)
  Failed to run the query
  
  Caused by these errors (recent errors listed first):
    1: Failed to bind expression: round(avg(trip_distance_miles), 2)
    2: function round_digit(double precision, integer) does not exist
  compiled code at target/run/nyc_taxi_pipeline_06/models/intermediate/int_hourly_patterns.sql
[0m17:53:28  
[0m17:53:28    compiled code at target/compiled/nyc_taxi_pipeline_06/models/intermediate/int_hourly_patterns.sql
[0m17:53:28  
[0m17:53:28  [31mFailure in model fct_trips (models/marts/core/fct_trips.sql)[0m
[0m17:53:28    Database Error in model fct_trips (models/marts/core/fct_trips.sql)
  Failed to run the query
  
  Caused by these errors (recent errors listed first):
    1: Failed to bind expression: CAST(NULL AS NUMERIC(10,2))
    2: Feature is not yet implemented: unsupported data type: NUMERIC(10,2)
  No tracking issue yet. Feel free to submit a feature request at https://github.com/risingwavelabs/risingwave/issues/new?labels=type%2Ffeature&template=feature_request.yml
[0m17:53:28  
[0m17:53:28    compiled code at target/compiled/nyc_taxi_pipeline_06/models/marts/core/fct_trips.sql
[0m17:53:28  
[0m17:53:28  [33mWarning in test relationships_stg_yellow_trips_dropoff_location_id__location_id__ref_stg_taxi_zones_ (models/staging/staging.yml)[0m
[0m17:53:28  Got 9766 results, configured to warn if != 0
[0m17:53:28  
[0m17:53:28    compiled code at target/compiled/nyc_taxi_pipeline_06/models/staging/staging.yml/relationships_stg_yellow_trips_7044a252ebbf110316a2c5869d273f19.sql
[0m17:53:28  
[0m17:53:28  Done. PASS=60 WARN=1 ERROR=3 SKIP=24 NO-OP=0 TOTAL=88

make[1]: *** [Makefile:58: dbt-build] Error 1
make[1]: Leaving directory 'C:/docker_projects/real_time_data_engineering/pipelines/06-redpanda-risingwave'
make: *** [Makefile:70: benchmark] Error 2
docker compose --profile generate --profile dbt down -v
time="2026-02-21T12:53:29-05:00" level=warning msg="C:\\docker_projects\\real_time_data_engineering\\pipelines\\06-redpanda-risingwave\\docker-compose.yml: the attribute `version` is obsolete, it will be ignored, please remove it to avoid potential confusion"
 Container p06-risingwave  Stopping
 Container p06-risingwave  Stopped
 Container p06-risingwave  Removing
 Container p06-risingwave  Removed
 Container p06-redpanda  Stopping
 Container p06-redpanda  Stopped
 Container p06-redpanda  Removing
 Container p06-redpanda  Removed
 Volume 06-redpanda-risingwave_redpanda-data  Removing
 Network 06-redpanda-risingwave_pipeline-net  Removing
 Volume 06-redpanda-risingwave_risingwave-data  Removing
 Volume 06-redpanda-risingwave_redpanda-data  Removed
 Volume 06-redpanda-risingwave_risingwave-data  Removed
 Network 06-redpanda-risingwave_pipeline-net  Removed
make: *** No rule to make target 'clean'.  Stop.
docker compose --profile generate --profile dbt down -v
time="2026-02-21T13:46:46-05:00" level=warning msg="C:\\docker_projects\\real_time_data_engineering\\pipelines\\06-redpanda-risingwave\\docker-compose.yml: the attribute `version` is obsolete, it will be ignored, please remove it to avoid potential confusion"
docker compose up -d redpanda risingwave
time="2026-02-21T13:46:48-05:00" level=warning msg="C:\\docker_projects\\real_time_data_engineering\\pipelines\\06-redpanda-risingwave\\docker-compose.yml: the attribute `version` is obsolete, it will be ignored, please remove it to avoid potential confusion"
 Network 06-redpanda-risingwave_pipeline-net  Creating
 Network 06-redpanda-risingwave_pipeline-net  Created
 Volume 06-redpanda-risingwave_redpanda-data  Creating
 Volume 06-redpanda-risingwave_redpanda-data  Created
 Volume 06-redpanda-risingwave_risingwave-data  Creating
 Volume 06-redpanda-risingwave_risingwave-data  Created
 Container p06-redpanda  Creating
 Container p06-redpanda  Created
 Container p06-risingwave  Creating
 Container p06-risingwave  Created
 Container p06-redpanda  Starting
 Container p06-redpanda  Started
 Container p06-redpanda  Waiting
 Container p06-redpanda  Healthy
 Container p06-risingwave  Starting
 Container p06-risingwave  Started
Waiting for services to be healthy...
time="2026-02-21T13:47:05-05:00" level=warning msg="C:\\docker_projects\\real_time_data_engineering\\pipelines\\06-redpanda-risingwave\\docker-compose.yml: the attribute `version` is obsolete, it will be ignored, please remove it to avoid potential confusion"
Healthy:                          true
Redpanda is ready.
Creating topics via rpk...
C:/Users/ghadf/scoop/apps/make/current/bin/make.exe topics
make[1]: Entering directory 'C:/docker_projects/real_time_data_engineering/pipelines/06-redpanda-risingwave'
docker compose exec redpanda rpk topic create taxi.raw_trips \
	--brokers redpanda:9092 \
	--partitions 3 \
	--replicas 1 || true
time="2026-02-21T13:47:11-05:00" level=warning msg="C:\\docker_projects\\real_time_data_engineering\\pipelines\\06-redpanda-risingwave\\docker-compose.yml: the attribute `version` is obsolete, it will be ignored, please remove it to avoid potential confusion"
TOPIC           STATUS
taxi.raw_trips  OK
Topics created.
make[1]: Leaving directory 'C:/docker_projects/real_time_data_engineering/pipelines/06-redpanda-risingwave'
=== Benchmark: Pipeline 06 - Redpanda + RisingWave ===
make[1]: Entering directory 'C:/docker_projects/real_time_data_engineering/pipelines/06-redpanda-risingwave'
docker compose --profile generate --profile dbt down -v
make[1]: Leaving directory 'C:/docker_projects/real_time_data_engineering/pipelines/06-redpanda-risingwave'
[1/4] Infrastructure up...
C:/Users/ghadf/scoop/apps/make/current/bin/make.exe up
make[1]: Entering directory 'C:/docker_projects/real_time_data_engineering/pipelines/06-redpanda-risingwave'
docker compose up -d redpanda risingwave
time="2026-02-21T13:47:24-05:00" level=warning msg="C:\\docker_projects\\real_time_data_engineering\\pipelines\\06-redpanda-risingwave\\docker-compose.yml: the attribute `version` is obsolete, it will be ignored, please remove it to avoid potential confusion"
 Network 06-redpanda-risingwave_pipeline-net  Creating
 Network 06-redpanda-risingwave_pipeline-net  Created
 Volume 06-redpanda-risingwave_redpanda-data  Creating
 Volume 06-redpanda-risingwave_redpanda-data  Created
 Volume 06-redpanda-risingwave_risingwave-data  Creating
 Volume 06-redpanda-risingwave_risingwave-data  Created
 Container p06-redpanda  Creating
 Container p06-redpanda  Created
 Container p06-risingwave  Creating
 Container p06-risingwave  Created
 Container p06-redpanda  Starting
 Container p06-redpanda  Started
 Container p06-redpanda  Waiting
 Container p06-redpanda  Healthy
 Container p06-risingwave  Starting
 Container p06-risingwave  Started
Waiting for services to be healthy...
time="2026-02-21T13:47:47-05:00" level=warning msg="C:\\docker_projects\\real_time_data_engineering\\pipelines\\06-redpanda-risingwave\\docker-compose.yml: the attribute `version` is obsolete, it will be ignored, please remove it to avoid potential confusion"
Healthy:                          true
Redpanda is ready.
Creating topics via rpk...
C:/Users/ghadf/scoop/apps/make/current/bin/make.exe topics
make[2]: Entering directory 'C:/docker_projects/real_time_data_engineering/pipelines/06-redpanda-risingwave'
docker compose exec redpanda rpk topic create taxi.raw_trips \
	--brokers redpanda:9092 \
	--partitions 3 \
	--replicas 1 || true
time="2026-02-21T13:47:52-05:00" level=warning msg="C:\\docker_projects\\real_time_data_engineering\\pipelines\\06-redpanda-risingwave\\docker-compose.yml: the attribute `version` is obsolete, it will be ignored, please remove it to avoid potential confusion"
TOPIC           STATUS
taxi.raw_trips  OK
Topics created.
make[2]: Leaving directory 'C:/docker_projects/real_time_data_engineering/pipelines/06-redpanda-risingwave'
make[1]: Leaving directory 'C:/docker_projects/real_time_data_engineering/pipelines/06-redpanda-risingwave'
[2/4] Creating RisingWave streaming objects...
C:/Users/ghadf/scoop/apps/make/current/bin/make.exe process
make[1]: Entering directory 'C:/docker_projects/real_time_data_engineering/pipelines/06-redpanda-risingwave'
Submitting RisingWave SQL scripts...
MSYS_NO_PATHCONV=1 docker run --rm --network 06-redpanda-risingwave_pipeline-net \
	-v "$(pwd)/risingwave/sql:/sql:ro" postgres:alpine \
	psql -h risingwave -p 4566 -U root -d dev -f /sql/01-create-source.sql || true
CREATE_SOURCE
[1/3] Redpanda source created.
MSYS_NO_PATHCONV=1 docker run --rm --network 06-redpanda-risingwave_pipeline-net \
	-v "$(pwd)/risingwave/sql:/sql:ro" postgres:alpine \
	psql -h risingwave -p 4566 -U root -d dev -f /sql/02-mv-bronze-trips.sql || true
CREATE_MATERIALIZED_VIEW
[2/3] Bronze materialized view created.
MSYS_NO_PATHCONV=1 docker run --rm --network 06-redpanda-risingwave_pipeline-net \
	-v "$(pwd)/risingwave/sql:/sql:ro" postgres:alpine \
	psql -h risingwave -p 4566 -U root -d dev -f /sql/03-mv-silver-metrics.sql || true
CREATE_MATERIALIZED_VIEW
[3/3] Silver materialized view created.
All RisingWave objects created. MVs will update automatically as Redpanda events arrive.
make[1]: Leaving directory 'C:/docker_projects/real_time_data_engineering/pipelines/06-redpanda-risingwave'
[3/4] Generating events (10k)...
C:/Users/ghadf/scoop/apps/make/current/bin/make.exe generate-limited
make[1]: Entering directory 'C:/docker_projects/real_time_data_engineering/pipelines/06-redpanda-risingwave'
MSYS_NO_PATHCONV=1 docker compose run --rm -e MAX_EVENTS=10000 data-generator
time="2026-02-21T13:47:58-05:00" level=warning msg="C:\\docker_projects\\real_time_data_engineering\\pipelines\\06-redpanda-risingwave\\docker-compose.yml: the attribute `version` is obsolete, it will be ignored, please remove it to avoid potential confusion"
 Container p06-redpanda  Running
============================================================
  Taxi Trip Event Generator
============================================================
  Broker:     redpanda:9092
  Topic:      taxi.raw_trips
  Mode:       burst
  Data:       /data/yellow_tripdata_2024-01.parquet
  Max events: 10,000

  Source: /data/yellow_tripdata_2024-01.parquet (2,964,624 rows, sending 10,000)

============================================================
  GENERATOR COMPLETE
  Events:  10,000
  Elapsed: 0.45s
  Rate:    22,279 events/sec
============================================================
  Metrics written to /tmp/generator_metrics.json
Limited generation complete (10k events).
make[1]: Leaving directory 'C:/docker_projects/real_time_data_engineering/pipelines/06-redpanda-risingwave'
[4/4] Running dbt build...
C:/Users/ghadf/scoop/apps/make/current/bin/make.exe dbt-build
make[1]: Entering directory 'C:/docker_projects/real_time_data_engineering/pipelines/06-redpanda-risingwave'
MSYS_NO_PATHCONV=1 docker compose run --rm --entrypoint /bin/sh dbt -c "dbt deps --profiles-dir . && dbt build --full-refresh --profiles-dir ."
time="2026-02-21T13:48:00-05:00" level=warning msg="C:\\docker_projects\\real_time_data_engineering\\pipelines\\06-redpanda-risingwave\\docker-compose.yml: the attribute `version` is obsolete, it will be ignored, please remove it to avoid potential confusion"
 Container p06-redpanda  Running
 Container p06-risingwave  Running
 Container p06-redpanda  Waiting
 Container p06-redpanda  Healthy
[0m18:48:04  Running with dbt=1.11.5
[0m18:48:04  Installing dbt-labs/dbt_utils
[0m18:48:07  Installed from version 1.3.3
[0m18:48:07  Up to date!
[0m18:48:08  Running with dbt=1.11.5
[0m18:48:09  Registered adapter: postgres=1.10.0
[0m18:48:09  Unable to do partial parsing because saved manifest not found. Starting full parse.
[0m18:48:10  Found 14 models, 71 data tests, 3 seeds, 1 source, 600 macros
[0m18:48:10  
[0m18:48:10  Concurrency: 1 threads (target='dev')
[0m18:48:10  
[0m18:48:10  1 of 88 START sql table model public.dim_dates ................................. [RUN]
[0m18:48:11  1 of 88 OK created sql table model public.dim_dates ............................ [[32mINSERT 0 31[0m in 0.16s]
[0m18:48:11  2 of 88 START sql view model public.stg_yellow_trips ........................... [RUN]
[0m18:48:11  2 of 88 OK created sql view model public.stg_yellow_trips ...................... [[32mCREATE_VIEW[0m in 0.07s]
[0m18:48:11  3 of 88 START seed file public_public.payment_type_lookup ...................... [RUN]
[0m18:48:11  3 of 88 OK loaded seed file public_public.payment_type_lookup .................. [[32mCREATE 6[0m in 0.10s]
[0m18:48:11  4 of 88 START seed file public_public.rate_code_lookup ......................... [RUN]
[0m18:48:11  4 of 88 OK loaded seed file public_public.rate_code_lookup ..................... [[32mCREATE 7[0m in 0.07s]
[0m18:48:11  5 of 88 START seed file public_public.taxi_zone_lookup ......................... [RUN]
[0m18:48:11  5 of 88 OK loaded seed file public_public.taxi_zone_lookup ..................... [[32mCREATE 265[0m in 0.10s]
[0m18:48:11  6 of 88 START test not_null_dim_dates_date_key ................................. [RUN]
[0m18:48:11  6 of 88 PASS not_null_dim_dates_date_key ....................................... [[32mPASS[0m in 0.05s]
[0m18:48:11  7 of 88 START test not_null_dim_dates_day_of_week_name ......................... [RUN]
[0m18:48:11  7 of 88 PASS not_null_dim_dates_day_of_week_name ............................... [[32mPASS[0m in 0.04s]
[0m18:48:11  8 of 88 START test not_null_dim_dates_is_holiday ............................... [RUN]
[0m18:48:11  8 of 88 PASS not_null_dim_dates_is_holiday ..................................... [[32mPASS[0m in 0.03s]
[0m18:48:11  9 of 88 START test not_null_dim_dates_is_weekend ............................... [RUN]
[0m18:48:11  9 of 88 PASS not_null_dim_dates_is_weekend ..................................... [[32mPASS[0m in 0.03s]
[0m18:48:11  10 of 88 START test unique_dim_dates_date_key .................................. [RUN]
[0m18:48:11  10 of 88 PASS unique_dim_dates_date_key ........................................ [[32mPASS[0m in 0.04s]
[0m18:48:11  11 of 88 START test accepted_values_stg_yellow_trips_payment_type_id__0__1__2__3__4__5__6  [RUN]
[0m18:48:11  11 of 88 PASS accepted_values_stg_yellow_trips_payment_type_id__0__1__2__3__4__5__6  [[32mPASS[0m in 0.03s]
[0m18:48:11  12 of 88 START test accepted_values_stg_yellow_trips_rate_code_id__1__2__3__4__5__6__99  [RUN]
[0m18:48:11  12 of 88 PASS accepted_values_stg_yellow_trips_rate_code_id__1__2__3__4__5__6__99  [[32mPASS[0m in 0.03s]
[0m18:48:11  13 of 88 START test accepted_values_stg_yellow_trips_vendor_id__1__2__6 ........ [RUN]
[0m18:48:11  13 of 88 PASS accepted_values_stg_yellow_trips_vendor_id__1__2__6 .............. [[32mPASS[0m in 0.03s]
[0m18:48:11  14 of 88 START test assert_fare_not_exceeds_total .............................. [RUN]
[0m18:48:11  14 of 88 PASS assert_fare_not_exceeds_total .................................... [[32mPASS[0m in 0.02s]
[0m18:48:11  15 of 88 START test not_null_stg_yellow_trips_dropoff_datetime ................. [RUN]
[0m18:48:11  15 of 88 PASS not_null_stg_yellow_trips_dropoff_datetime ....................... [[32mPASS[0m in 0.02s]
[0m18:48:11  16 of 88 START test not_null_stg_yellow_trips_dropoff_location_id .............. [RUN]
[0m18:48:11  16 of 88 PASS not_null_stg_yellow_trips_dropoff_location_id .................... [[32mPASS[0m in 0.03s]
[0m18:48:11  17 of 88 START test not_null_stg_yellow_trips_fare_amount ...................... [RUN]
[0m18:48:11  17 of 88 PASS not_null_stg_yellow_trips_fare_amount ............................ [[32mPASS[0m in 0.02s]
[0m18:48:11  18 of 88 START test not_null_stg_yellow_trips_pickup_datetime .................. [RUN]
[0m18:48:11  18 of 88 PASS not_null_stg_yellow_trips_pickup_datetime ........................ [[32mPASS[0m in 0.03s]
[0m18:48:11  19 of 88 START test not_null_stg_yellow_trips_pickup_location_id ............... [RUN]
[0m18:48:11  19 of 88 PASS not_null_stg_yellow_trips_pickup_location_id ..................... [[32mPASS[0m in 0.03s]
[0m18:48:11  20 of 88 START test not_null_stg_yellow_trips_total_amount ..................... [RUN]
[0m18:48:11  20 of 88 PASS not_null_stg_yellow_trips_total_amount ........................... [[32mPASS[0m in 0.03s]
[0m18:48:11  21 of 88 START test not_null_stg_yellow_trips_trip_distance_miles .............. [RUN]
[0m18:48:11  21 of 88 PASS not_null_stg_yellow_trips_trip_distance_miles .................... [[32mPASS[0m in 0.02s]
[0m18:48:11  22 of 88 START test not_null_stg_yellow_trips_trip_id .......................... [RUN]
[0m18:48:12  22 of 88 PASS not_null_stg_yellow_trips_trip_id ................................ [[32mPASS[0m in 0.03s]
[0m18:48:12  23 of 88 START test not_null_stg_yellow_trips_vendor_id ........................ [RUN]
[0m18:48:12  23 of 88 PASS not_null_stg_yellow_trips_vendor_id .............................. [[32mPASS[0m in 0.02s]
[0m18:48:12  24 of 88 START test unique_stg_yellow_trips_trip_id ............................ [RUN]
[0m18:48:12  24 of 88 PASS unique_stg_yellow_trips_trip_id .................................. [[32mPASS[0m in 0.03s]
[0m18:48:12  25 of 88 START test not_null_payment_type_lookup_payment_type_id ............... [RUN]
[0m18:48:12  25 of 88 PASS not_null_payment_type_lookup_payment_type_id ..................... [[32mPASS[0m in 0.03s]
[0m18:48:12  26 of 88 START test unique_payment_type_lookup_payment_type_id ................. [RUN]
[0m18:48:12  26 of 88 PASS unique_payment_type_lookup_payment_type_id ....................... [[32mPASS[0m in 0.02s]
[0m18:48:12  27 of 88 START test not_null_rate_code_lookup_rate_code_id ..................... [RUN]
[0m18:48:12  27 of 88 PASS not_null_rate_code_lookup_rate_code_id ........................... [[32mPASS[0m in 0.02s]
[0m18:48:12  28 of 88 START test unique_rate_code_lookup_rate_code_id ....................... [RUN]
[0m18:48:12  28 of 88 PASS unique_rate_code_lookup_rate_code_id ............................. [[32mPASS[0m in 0.02s]
[0m18:48:12  29 of 88 START sql view model public.stg_taxi_zones ............................ [RUN]
[0m18:48:12  29 of 88 OK created sql view model public.stg_taxi_zones ....................... [[32mCREATE_VIEW[0m in 0.06s]
[0m18:48:12  30 of 88 START sql view model public.int_trip_metrics .......................... [RUN]
[0m18:48:12  30 of 88 OK created sql view model public.int_trip_metrics ..................... [[32mCREATE_VIEW[0m in 0.08s]
[0m18:48:12  31 of 88 START sql view model public.stg_payment_types ......................... [RUN]
[0m18:48:12  31 of 88 OK created sql view model public.stg_payment_types .................... [[32mCREATE_VIEW[0m in 0.07s]
[0m18:48:12  32 of 88 START sql view model public.stg_rate_codes ............................ [RUN]
[0m18:48:12  32 of 88 OK created sql view model public.stg_rate_codes ....................... [[32mCREATE_VIEW[0m in 0.02s]
[0m18:48:12  33 of 88 START test not_null_stg_taxi_zones_borough ............................ [RUN]
[0m18:48:12  33 of 88 PASS not_null_stg_taxi_zones_borough .................................. [[32mPASS[0m in 0.03s]
[0m18:48:12  34 of 88 START test not_null_stg_taxi_zones_location_id ........................ [RUN]
[0m18:48:12  34 of 88 PASS not_null_stg_taxi_zones_location_id .............................. [[32mPASS[0m in 0.03s]
[0m18:48:12  35 of 88 START test not_null_stg_taxi_zones_zone_name .......................... [RUN]
[0m18:48:12  35 of 88 PASS not_null_stg_taxi_zones_zone_name ................................ [[32mPASS[0m in 0.02s]
[0m18:48:12  36 of 88 START test relationships_stg_yellow_trips_dropoff_location_id__location_id__ref_stg_taxi_zones_  [RUN]
[0m18:48:12  36 of 88 PASS relationships_stg_yellow_trips_dropoff_location_id__location_id__ref_stg_taxi_zones_  [[32mPASS[0m in 0.03s]
[0m18:48:12  37 of 88 START test relationships_stg_yellow_trips_pickup_location_id__location_id__ref_stg_taxi_zones_  [RUN]
[0m18:48:12  37 of 88 PASS relationships_stg_yellow_trips_pickup_location_id__location_id__ref_stg_taxi_zones_  [[32mPASS[0m in 0.03s]
[0m18:48:12  38 of 88 START test unique_stg_taxi_zones_location_id .......................... [RUN]
[0m18:48:12  38 of 88 PASS unique_stg_taxi_zones_location_id ................................ [[32mPASS[0m in 0.02s]
[0m18:48:12  39 of 88 START test assert_trip_duration_positive .............................. [RUN]
[0m18:48:12  39 of 88 PASS assert_trip_duration_positive .................................... [[32mPASS[0m in 0.02s]
[0m18:48:12  40 of 88 START test dbt_utils_accepted_range_int_trip_metrics_pickup_hour__23__0  [RUN]
[0m18:48:12  40 of 88 PASS dbt_utils_accepted_range_int_trip_metrics_pickup_hour__23__0 ..... [[32mPASS[0m in 0.02s]
[0m18:48:12  41 of 88 START test dbt_utils_accepted_range_int_trip_metrics_trip_duration_minutes__720__1  [RUN]
[0m18:48:12  41 of 88 PASS dbt_utils_accepted_range_int_trip_metrics_trip_duration_minutes__720__1  [[32mPASS[0m in 0.03s]
[0m18:48:12  42 of 88 START test not_null_int_trip_metrics_is_weekend ....................... [RUN]
[0m18:48:12  42 of 88 PASS not_null_int_trip_metrics_is_weekend ............................. [[32mPASS[0m in 0.02s]
[0m18:48:12  43 of 88 START test not_null_int_trip_metrics_pickup_date ...................... [RUN]
[0m18:48:12  43 of 88 PASS not_null_int_trip_metrics_pickup_date ............................ [[32mPASS[0m in 0.04s]
[0m18:48:12  44 of 88 START test not_null_int_trip_metrics_pickup_hour ...................... [RUN]
[0m18:48:12  44 of 88 PASS not_null_int_trip_metrics_pickup_hour ............................ [[32mPASS[0m in 0.03s]
[0m18:48:12  45 of 88 START test not_null_int_trip_metrics_trip_duration_minutes ............ [RUN]
[0m18:48:12  45 of 88 PASS not_null_int_trip_metrics_trip_duration_minutes .................. [[32mPASS[0m in 0.03s]
[0m18:48:12  46 of 88 START test not_null_int_trip_metrics_trip_id .......................... [RUN]
[0m18:48:12  46 of 88 PASS not_null_int_trip_metrics_trip_id ................................ [[32mPASS[0m in 0.03s]
[0m18:48:12  47 of 88 START test not_null_stg_payment_types_payment_type_id ................. [RUN]
[0m18:48:12  47 of 88 PASS not_null_stg_payment_types_payment_type_id ....................... [[32mPASS[0m in 0.02s]
[0m18:48:12  48 of 88 START test not_null_stg_payment_types_payment_type_name ............... [RUN]
[0m18:48:12  48 of 88 PASS not_null_stg_payment_types_payment_type_name ..................... [[32mPASS[0m in 0.02s]
[0m18:48:12  49 of 88 START test unique_stg_payment_types_payment_type_id ................... [RUN]
[0m18:48:12  49 of 88 PASS unique_stg_payment_types_payment_type_id ......................... [[32mPASS[0m in 0.03s]
[0m18:48:12  50 of 88 START test not_null_stg_rate_codes_rate_code_id ....................... [RUN]
[0m18:48:12  50 of 88 PASS not_null_stg_rate_codes_rate_code_id ............................. [[32mPASS[0m in 0.02s]
[0m18:48:12  51 of 88 START test not_null_stg_rate_codes_rate_code_name ..................... [RUN]
[0m18:48:12  51 of 88 PASS not_null_stg_rate_codes_rate_code_name ........................... [[32mPASS[0m in 0.03s]
[0m18:48:12  52 of 88 START test unique_stg_rate_codes_rate_code_id ......................... [RUN]
[0m18:48:13  52 of 88 PASS unique_stg_rate_codes_rate_code_id ............................... [[32mPASS[0m in 0.03s]
[0m18:48:13  53 of 88 START sql table model public.dim_locations ............................ [RUN]
[0m18:48:13  53 of 88 OK created sql table model public.dim_locations ....................... [[32mINSERT 0 265[0m in 0.10s]
[0m18:48:13  54 of 88 START sql view model public.int_daily_summary ......................... [RUN]
[0m18:48:13  54 of 88 OK created sql view model public.int_daily_summary .................... [[32mCREATE_VIEW[0m in 0.07s]
[0m18:48:13  55 of 88 START sql view model public.int_hourly_patterns ....................... [RUN]
[0m18:48:13  55 of 88 OK created sql view model public.int_hourly_patterns .................. [[32mCREATE_VIEW[0m in 0.08s]
[0m18:48:13  56 of 88 START sql table model public.dim_payment_types ........................ [RUN]
[0m18:48:13  56 of 88 OK created sql table model public.dim_payment_types ................... [[32mINSERT 0 6[0m in 0.13s]
[0m18:48:13  57 of 88 START test not_null_dim_locations_borough ............................. [RUN]
[0m18:48:13  57 of 88 PASS not_null_dim_locations_borough ................................... [[32mPASS[0m in 0.03s]
[0m18:48:13  58 of 88 START test not_null_dim_locations_location_id ......................... [RUN]
[0m18:48:13  58 of 88 PASS not_null_dim_locations_location_id ............................... [[32mPASS[0m in 0.04s]
[0m18:48:13  59 of 88 START test not_null_dim_locations_zone_name ........................... [RUN]
[0m18:48:13  59 of 88 PASS not_null_dim_locations_zone_name ................................. [[32mPASS[0m in 0.03s]
[0m18:48:13  60 of 88 START test unique_dim_locations_location_id ........................... [RUN]
[0m18:48:13  60 of 88 PASS unique_dim_locations_location_id ................................. [[32mPASS[0m in 0.02s]
[0m18:48:13  61 of 88 START test dbt_utils_accepted_range_int_daily_summary_total_trips__0 .. [RUN]
[0m18:48:13  61 of 88 PASS dbt_utils_accepted_range_int_daily_summary_total_trips__0 ........ [[32mPASS[0m in 0.02s]
[0m18:48:13  62 of 88 START test not_null_int_daily_summary_pickup_date ..................... [RUN]
[0m18:48:13  62 of 88 PASS not_null_int_daily_summary_pickup_date ........................... [[32mPASS[0m in 0.03s]
[0m18:48:13  63 of 88 START test not_null_int_daily_summary_total_revenue ................... [RUN]
[0m18:48:13  63 of 88 PASS not_null_int_daily_summary_total_revenue ......................... [[32mPASS[0m in 0.03s]
[0m18:48:13  64 of 88 START test not_null_int_daily_summary_total_trips ..................... [RUN]
[0m18:48:13  64 of 88 PASS not_null_int_daily_summary_total_trips ........................... [[32mPASS[0m in 0.03s]
[0m18:48:13  65 of 88 START test unique_int_daily_summary_pickup_date ....................... [RUN]
[0m18:48:13  65 of 88 PASS unique_int_daily_summary_pickup_date ............................. [[32mPASS[0m in 0.03s]
[0m18:48:13  66 of 88 START test dbt_utils_accepted_range_int_hourly_patterns_pickup_hour__23__0  [RUN]
[0m18:48:13  66 of 88 PASS dbt_utils_accepted_range_int_hourly_patterns_pickup_hour__23__0 .. [[32mPASS[0m in 0.02s]
[0m18:48:13  67 of 88 START test not_null_int_hourly_patterns_pickup_date ................... [RUN]
[0m18:48:13  67 of 88 PASS not_null_int_hourly_patterns_pickup_date ......................... [[32mPASS[0m in 0.02s]
[0m18:48:13  68 of 88 START test not_null_int_hourly_patterns_pickup_hour ................... [RUN]
[0m18:48:13  68 of 88 PASS not_null_int_hourly_patterns_pickup_hour ......................... [[32mPASS[0m in 0.02s]
[0m18:48:13  69 of 88 START test not_null_int_hourly_patterns_total_trips ................... [RUN]
[0m18:48:13  69 of 88 PASS not_null_int_hourly_patterns_total_trips ......................... [[32mPASS[0m in 0.03s]
[0m18:48:13  70 of 88 START test not_null_dim_payment_types_payment_type_id ................. [RUN]
[0m18:48:13  70 of 88 PASS not_null_dim_payment_types_payment_type_id ....................... [[32mPASS[0m in 0.02s]
[0m18:48:13  71 of 88 START test not_null_dim_payment_types_payment_type_name ............... [RUN]
[0m18:48:13  71 of 88 PASS not_null_dim_payment_types_payment_type_name ..................... [[32mPASS[0m in 0.03s]
[0m18:48:13  72 of 88 START test unique_dim_payment_types_payment_type_id ................... [RUN]
[0m18:48:13  72 of 88 PASS unique_dim_payment_types_payment_type_id ......................... [[32mPASS[0m in 0.03s]
[0m18:48:13  73 of 88 START sql table model public.fct_trips ................................ [RUN]
[0m18:48:13  73 of 88 ERROR creating sql table model public.fct_trips ....................... [[31mERROR[0m in 0.04s]
[0m18:48:13  74 of 88 START sql table model public.mart_daily_revenue ....................... [RUN]
[0m18:48:13  74 of 88 ERROR creating sql table model public.mart_daily_revenue .............. [[31mERROR[0m in 0.02s]
[0m18:48:13  75 of 88 START sql table model public.mart_hourly_demand ....................... [RUN]
[0m18:48:13  75 of 88 ERROR creating sql table model public.mart_hourly_demand .............. [[31mERROR[0m in 0.02s]
[0m18:48:13  76 of 88 SKIP test not_null_fct_trips_pickup_datetime .......................... [[33mSKIP[0m]
[0m18:48:13  77 of 88 SKIP test not_null_fct_trips_total_amount ............................. [[33mSKIP[0m]
[0m18:48:13  78 of 88 SKIP test not_null_fct_trips_trip_id .................................. [[33mSKIP[0m]
[0m18:48:13  79 of 88 SKIP test unique_fct_trips_trip_id .................................... [[33mSKIP[0m]
[0m18:48:13  80 of 88 SKIP test not_null_mart_daily_revenue_date_key ........................ [[33mSKIP[0m]
[0m18:48:13  81 of 88 SKIP test not_null_mart_daily_revenue_total_revenue ................... [[33mSKIP[0m]
[0m18:48:13  82 of 88 SKIP test unique_mart_daily_revenue_date_key .......................... [[33mSKIP[0m]
[0m18:48:13  83 of 88 SKIP test not_null_mart_hourly_demand_is_weekend ...................... [[33mSKIP[0m]
[0m18:48:13  84 of 88 SKIP test not_null_mart_hourly_demand_pickup_hour ..................... [[33mSKIP[0m]
[0m18:48:13  85 of 88 SKIP relation public.mart_location_performance ........................ [[33mSKIP[0m]
[0m18:48:13  86 of 88 SKIP test not_null_mart_location_performance_pickup_location_id ....... [[33mSKIP[0m]
[0m18:48:13  87 of 88 SKIP test not_null_mart_location_performance_total_pickups ............ [[33mSKIP[0m]
[0m18:48:13  88 of 88 SKIP test unique_mart_location_performance_pickup_location_id ......... [[33mSKIP[0m]
[0m18:48:13  
[0m18:48:13  Finished running 3 seeds, 7 table models, 71 data tests, 7 view models in 0 hours 0 minutes and 3.08 seconds (3.08s).
[0m18:48:14  
[0m18:48:14  [31mCompleted with 3 errors, 0 partial successes, and 0 warnings:[0m
[0m18:48:14  
[0m18:48:14  [31mFailure in model fct_trips (models/marts/core/fct_trips.sql)[0m
[0m18:48:14    Database Error in model fct_trips (models/marts/core/fct_trips.sql)
  Failed to run the query
  
  Caused by these errors (recent errors listed first):
    1: Failed to bind expression: CAST(NULL AS NUMERIC(10,2))
    2: Feature is not yet implemented: unsupported data type: NUMERIC(10,2)
  No tracking issue yet. Feel free to submit a feature request at https://github.com/risingwavelabs/risingwave/issues/new?labels=type%2Ffeature&template=feature_request.yml
[0m18:48:14  
[0m18:48:14    compiled code at target/compiled/nyc_taxi_pipeline_06/models/marts/core/fct_trips.sql
[0m18:48:14  
[0m18:48:14  [31mFailure in model mart_daily_revenue (models/marts/analytics/mart_daily_revenue.sql)[0m
[0m18:48:14    Database Error in model mart_daily_revenue (models/marts/analytics/mart_daily_revenue.sql)
  Failed to run the query
  
  Caused by these errors (recent errors listed first):
    1: Failed to bind expression: CAST(NULL AS hugeint)
    2: Feature is not yet implemented: unsupported data type: hugeint
  No tracking issue yet. Feel free to submit a feature request at https://github.com/risingwavelabs/risingwave/issues/new?labels=type%2Ffeature&template=feature_request.yml
[0m18:48:14  
[0m18:48:14    compiled code at target/compiled/nyc_taxi_pipeline_06/models/marts/analytics/mart_daily_revenue.sql
[0m18:48:14  
[0m18:48:14  [31mFailure in model mart_hourly_demand (models/marts/analytics/mart_hourly_demand.sql)[0m
[0m18:48:14    Database Error in model mart_hourly_demand (models/marts/analytics/mart_hourly_demand.sql)
  Failed to run the query
  
  Caused by these errors (recent errors listed first):
    1: Failed to bind expression: CAST(NULL AS hugeint)
    2: Feature is not yet implemented: unsupported data type: hugeint
  No tracking issue yet. Feel free to submit a feature request at https://github.com/risingwavelabs/risingwave/issues/new?labels=type%2Ffeature&template=feature_request.yml
[0m18:48:14  
[0m18:48:14    compiled code at target/compiled/nyc_taxi_pipeline_06/models/marts/analytics/mart_hourly_demand.sql
[0m18:48:14  
[0m18:48:14  Done. PASS=72 WARN=0 ERROR=3 SKIP=13 NO-OP=0 TOTAL=88

make[1]: *** [Makefile:58: dbt-build] Error 1
make[1]: Leaving directory 'C:/docker_projects/real_time_data_engineering/pipelines/06-redpanda-risingwave'
make: *** [Makefile:70: benchmark] Error 2
docker compose --profile generate --profile dbt down -v
time="2026-02-21T13:48:15-05:00" level=warning msg="C:\\docker_projects\\real_time_data_engineering\\pipelines\\06-redpanda-risingwave\\docker-compose.yml: the attribute `version` is obsolete, it will be ignored, please remove it to avoid potential confusion"
 Container p06-risingwave  Stopping
 Container p06-risingwave  Stopped
 Container p06-risingwave  Removing
 Container p06-risingwave  Removed
 Container p06-redpanda  Stopping
 Container p06-redpanda  Stopped
 Container p06-redpanda  Removing
 Container p06-redpanda  Removed
 Volume 06-redpanda-risingwave_risingwave-data  Removing
 Volume 06-redpanda-risingwave_redpanda-data  Removing
 Network 06-redpanda-risingwave_pipeline-net  Removing
 Volume 06-redpanda-risingwave_redpanda-data  Removed
 Volume 06-redpanda-risingwave_risingwave-data  Removed
 Network 06-redpanda-risingwave_pipeline-net  Removed
make: *** No rule to make target 'clean'.  Stop.
docker compose --profile generate --profile dbt down -v
time="2026-02-22T07:16:32-05:00" level=warning msg="C:\\docker_projects\\real_time_data_engineering\\pipelines\\06-redpanda-risingwave\\docker-compose.yml: the attribute `version` is obsolete, it will be ignored, please remove it to avoid potential confusion"
docker compose up -d redpanda risingwave
time="2026-02-22T07:16:34-05:00" level=warning msg="C:\\docker_projects\\real_time_data_engineering\\pipelines\\06-redpanda-risingwave\\docker-compose.yml: the attribute `version` is obsolete, it will be ignored, please remove it to avoid potential confusion"
 Network 06-redpanda-risingwave_pipeline-net  Creating
 Network 06-redpanda-risingwave_pipeline-net  Created
 Volume 06-redpanda-risingwave_risingwave-data  Creating
 Volume 06-redpanda-risingwave_risingwave-data  Created
 Volume 06-redpanda-risingwave_redpanda-data  Creating
 Volume 06-redpanda-risingwave_redpanda-data  Created
 Container p06-redpanda  Creating
 Container p06-redpanda  Created
 Container p06-risingwave  Creating
 Container p06-risingwave  Created
 Container p06-redpanda  Starting
 Container p06-redpanda  Started
 Container p06-redpanda  Waiting
 Container p06-redpanda  Healthy
 Container p06-risingwave  Starting
 Container p06-risingwave  Started
Waiting for services to be healthy...
time="2026-02-22T07:16:56-05:00" level=warning msg="C:\\docker_projects\\real_time_data_engineering\\pipelines\\06-redpanda-risingwave\\docker-compose.yml: the attribute `version` is obsolete, it will be ignored, please remove it to avoid potential confusion"
Healthy:                          true
Redpanda is ready.
Creating topics via rpk...
C:/Users/ghadf/scoop/apps/make/current/bin/make.exe topics
make[1]: Entering directory 'C:/docker_projects/real_time_data_engineering/pipelines/06-redpanda-risingwave'
docker compose exec redpanda rpk topic create taxi.raw_trips \
	--brokers redpanda:9092 \
	--partitions 3 \
	--replicas 1 || true
time="2026-02-22T07:17:02-05:00" level=warning msg="C:\\docker_projects\\real_time_data_engineering\\pipelines\\06-redpanda-risingwave\\docker-compose.yml: the attribute `version` is obsolete, it will be ignored, please remove it to avoid potential confusion"
TOPIC           STATUS
taxi.raw_trips  OK
Topics created.
make[1]: Leaving directory 'C:/docker_projects/real_time_data_engineering/pipelines/06-redpanda-risingwave'
=== Benchmark: Pipeline 06 - Redpanda + RisingWave ===
make[1]: Entering directory 'C:/docker_projects/real_time_data_engineering/pipelines/06-redpanda-risingwave'
docker compose --profile generate --profile dbt down -v
make[1]: Leaving directory 'C:/docker_projects/real_time_data_engineering/pipelines/06-redpanda-risingwave'
[1/4] Infrastructure up...
C:/Users/ghadf/scoop/apps/make/current/bin/make.exe up
make[1]: Entering directory 'C:/docker_projects/real_time_data_engineering/pipelines/06-redpanda-risingwave'
docker compose up -d redpanda risingwave
time="2026-02-22T07:17:15-05:00" level=warning msg="C:\\docker_projects\\real_time_data_engineering\\pipelines\\06-redpanda-risingwave\\docker-compose.yml: the attribute `version` is obsolete, it will be ignored, please remove it to avoid potential confusion"
 Network 06-redpanda-risingwave_pipeline-net  Creating
 Network 06-redpanda-risingwave_pipeline-net  Created
 Volume 06-redpanda-risingwave_risingwave-data  Creating
 Volume 06-redpanda-risingwave_risingwave-data  Created
 Volume 06-redpanda-risingwave_redpanda-data  Creating
 Volume 06-redpanda-risingwave_redpanda-data  Created
 Container p06-redpanda  Creating
 Container p06-redpanda  Created
 Container p06-risingwave  Creating
 Container p06-risingwave  Created
 Container p06-redpanda  Starting
 Container p06-redpanda  Started
 Container p06-redpanda  Waiting
 Container p06-redpanda  Healthy
 Container p06-risingwave  Starting
 Container p06-risingwave  Started
Waiting for services to be healthy...
time="2026-02-22T07:17:38-05:00" level=warning msg="C:\\docker_projects\\real_time_data_engineering\\pipelines\\06-redpanda-risingwave\\docker-compose.yml: the attribute `version` is obsolete, it will be ignored, please remove it to avoid potential confusion"
Healthy:                          true
Redpanda is ready.
Creating topics via rpk...
C:/Users/ghadf/scoop/apps/make/current/bin/make.exe topics
make[2]: Entering directory 'C:/docker_projects/real_time_data_engineering/pipelines/06-redpanda-risingwave'
docker compose exec redpanda rpk topic create taxi.raw_trips \
	--brokers redpanda:9092 \
	--partitions 3 \
	--replicas 1 || true
time="2026-02-22T07:17:43-05:00" level=warning msg="C:\\docker_projects\\real_time_data_engineering\\pipelines\\06-redpanda-risingwave\\docker-compose.yml: the attribute `version` is obsolete, it will be ignored, please remove it to avoid potential confusion"
TOPIC           STATUS
taxi.raw_trips  OK
Topics created.
make[2]: Leaving directory 'C:/docker_projects/real_time_data_engineering/pipelines/06-redpanda-risingwave'
make[1]: Leaving directory 'C:/docker_projects/real_time_data_engineering/pipelines/06-redpanda-risingwave'
[2/4] Creating RisingWave streaming objects...
C:/Users/ghadf/scoop/apps/make/current/bin/make.exe process
make[1]: Entering directory 'C:/docker_projects/real_time_data_engineering/pipelines/06-redpanda-risingwave'
Submitting RisingWave SQL scripts...
MSYS_NO_PATHCONV=1 docker run --rm --network 06-redpanda-risingwave_pipeline-net \
	-v "$(pwd)/risingwave/sql:/sql:ro" postgres:alpine \
	psql -h risingwave -p 4566 -U root -d dev -f /sql/01-create-source.sql || true
CREATE_SOURCE
[1/3] Redpanda source created.
MSYS_NO_PATHCONV=1 docker run --rm --network 06-redpanda-risingwave_pipeline-net \
	-v "$(pwd)/risingwave/sql:/sql:ro" postgres:alpine \
	psql -h risingwave -p 4566 -U root -d dev -f /sql/02-mv-bronze-trips.sql || true
CREATE_MATERIALIZED_VIEW
[2/3] Bronze materialized view created.
MSYS_NO_PATHCONV=1 docker run --rm --network 06-redpanda-risingwave_pipeline-net \
	-v "$(pwd)/risingwave/sql:/sql:ro" postgres:alpine \
	psql -h risingwave -p 4566 -U root -d dev -f /sql/03-mv-silver-metrics.sql || true
CREATE_MATERIALIZED_VIEW
[3/3] Silver materialized view created.
All RisingWave objects created. MVs will update automatically as Redpanda events arrive.
make[1]: Leaving directory 'C:/docker_projects/real_time_data_engineering/pipelines/06-redpanda-risingwave'
[3/4] Generating events (10k)...
C:/Users/ghadf/scoop/apps/make/current/bin/make.exe generate-limited
make[1]: Entering directory 'C:/docker_projects/real_time_data_engineering/pipelines/06-redpanda-risingwave'
MSYS_NO_PATHCONV=1 docker compose run --rm -e MAX_EVENTS=10000 data-generator
time="2026-02-22T07:17:49-05:00" level=warning msg="C:\\docker_projects\\real_time_data_engineering\\pipelines\\06-redpanda-risingwave\\docker-compose.yml: the attribute `version` is obsolete, it will be ignored, please remove it to avoid potential confusion"
 Container p06-redpanda  Running
============================================================
  Taxi Trip Event Generator
============================================================
  Broker:     redpanda:9092
  Topic:      taxi.raw_trips
  Mode:       burst
  Data:       /data/yellow_tripdata_2024-01.parquet
  Max events: 10,000

  Source: /data/yellow_tripdata_2024-01.parquet (2,964,624 rows, sending 10,000)

============================================================
  GENERATOR COMPLETE
  Events:  10,000
  Elapsed: 0.51s
  Rate:    19,451 events/sec
============================================================
  Metrics written to /tmp/generator_metrics.json
Limited generation complete (10k events).
make[1]: Leaving directory 'C:/docker_projects/real_time_data_engineering/pipelines/06-redpanda-risingwave'
[4/4] Running dbt build...
C:/Users/ghadf/scoop/apps/make/current/bin/make.exe dbt-build
make[1]: Entering directory 'C:/docker_projects/real_time_data_engineering/pipelines/06-redpanda-risingwave'
MSYS_NO_PATHCONV=1 docker compose run --rm --entrypoint /bin/sh dbt -c "dbt deps --profiles-dir . && dbt build --full-refresh --profiles-dir ."
time="2026-02-22T07:17:51-05:00" level=warning msg="C:\\docker_projects\\real_time_data_engineering\\pipelines\\06-redpanda-risingwave\\docker-compose.yml: the attribute `version` is obsolete, it will be ignored, please remove it to avoid potential confusion"
 Container p06-redpanda  Running
 Container p06-risingwave  Running
 Container p06-redpanda  Waiting
 Container p06-redpanda  Healthy
[0m12:17:54  Running with dbt=1.11.5
[0m12:17:55  Installing dbt-labs/dbt_utils
[0m12:17:58  Installed from version 1.3.3
[0m12:17:58  Up to date!
[0m12:17:59  Running with dbt=1.11.5
[0m12:17:59  Registered adapter: postgres=1.10.0
[0m12:17:59  Unable to do partial parsing because saved manifest not found. Starting full parse.
[0m12:18:01  Found 14 models, 71 data tests, 3 seeds, 1 source, 600 macros
[0m12:18:01  
[0m12:18:01  Concurrency: 1 threads (target='dev')
[0m12:18:01  
[0m12:18:01  1 of 88 START sql table model public.dim_dates ................................. [RUN]
[0m12:18:01  1 of 88 OK created sql table model public.dim_dates ............................ [[32mINSERT 0 31[0m in 0.14s]
[0m12:18:01  2 of 88 START sql view model public.stg_yellow_trips ........................... [RUN]
[0m12:18:02  2 of 88 OK created sql view model public.stg_yellow_trips ...................... [[32mCREATE_VIEW[0m in 0.08s]
[0m12:18:02  3 of 88 START seed file public_public.payment_type_lookup ...................... [RUN]
[0m12:18:02  3 of 88 OK loaded seed file public_public.payment_type_lookup .................. [[32mCREATE 6[0m in 0.10s]
[0m12:18:02  4 of 88 START seed file public_public.rate_code_lookup ......................... [RUN]
[0m12:18:02  4 of 88 OK loaded seed file public_public.rate_code_lookup ..................... [[32mCREATE 7[0m in 0.09s]
[0m12:18:02  5 of 88 START seed file public_public.taxi_zone_lookup ......................... [RUN]
[0m12:18:02  5 of 88 OK loaded seed file public_public.taxi_zone_lookup ..................... [[32mCREATE 265[0m in 0.12s]
[0m12:18:02  6 of 88 START test not_null_dim_dates_date_key ................................. [RUN]
[0m12:18:02  6 of 88 PASS not_null_dim_dates_date_key ....................................... [[32mPASS[0m in 0.05s]
[0m12:18:02  7 of 88 START test not_null_dim_dates_day_of_week_name ......................... [RUN]
[0m12:18:02  7 of 88 PASS not_null_dim_dates_day_of_week_name ............................... [[32mPASS[0m in 0.04s]
[0m12:18:02  8 of 88 START test not_null_dim_dates_is_holiday ............................... [RUN]
[0m12:18:02  8 of 88 PASS not_null_dim_dates_is_holiday ..................................... [[32mPASS[0m in 0.04s]
[0m12:18:02  9 of 88 START test not_null_dim_dates_is_weekend ............................... [RUN]
[0m12:18:02  9 of 88 PASS not_null_dim_dates_is_weekend ..................................... [[32mPASS[0m in 0.04s]
[0m12:18:02  10 of 88 START test unique_dim_dates_date_key .................................. [RUN]
[0m12:18:02  10 of 88 PASS unique_dim_dates_date_key ........................................ [[32mPASS[0m in 0.04s]
[0m12:18:02  11 of 88 START test accepted_values_stg_yellow_trips_payment_type_id__0__1__2__3__4__5__6  [RUN]
[0m12:18:02  11 of 88 PASS accepted_values_stg_yellow_trips_payment_type_id__0__1__2__3__4__5__6  [[32mPASS[0m in 0.04s]
[0m12:18:02  12 of 88 START test accepted_values_stg_yellow_trips_rate_code_id__1__2__3__4__5__6__99  [RUN]
[0m12:18:02  12 of 88 PASS accepted_values_stg_yellow_trips_rate_code_id__1__2__3__4__5__6__99  [[32mPASS[0m in 0.04s]
[0m12:18:02  13 of 88 START test accepted_values_stg_yellow_trips_vendor_id__1__2__6 ........ [RUN]
[0m12:18:02  13 of 88 PASS accepted_values_stg_yellow_trips_vendor_id__1__2__6 .............. [[32mPASS[0m in 0.04s]
[0m12:18:02  14 of 88 START test assert_fare_not_exceeds_total .............................. [RUN]
[0m12:18:02  14 of 88 PASS assert_fare_not_exceeds_total .................................... [[32mPASS[0m in 0.04s]
[0m12:18:02  15 of 88 START test not_null_stg_yellow_trips_dropoff_datetime ................. [RUN]
[0m12:18:02  15 of 88 PASS not_null_stg_yellow_trips_dropoff_datetime ....................... [[32mPASS[0m in 0.03s]
[0m12:18:02  16 of 88 START test not_null_stg_yellow_trips_dropoff_location_id .............. [RUN]
[0m12:18:02  16 of 88 PASS not_null_stg_yellow_trips_dropoff_location_id .................... [[32mPASS[0m in 0.04s]
[0m12:18:02  17 of 88 START test not_null_stg_yellow_trips_fare_amount ...................... [RUN]
[0m12:18:02  17 of 88 PASS not_null_stg_yellow_trips_fare_amount ............................ [[32mPASS[0m in 0.04s]
[0m12:18:02  18 of 88 START test not_null_stg_yellow_trips_pickup_datetime .................. [RUN]
[0m12:18:02  18 of 88 PASS not_null_stg_yellow_trips_pickup_datetime ........................ [[32mPASS[0m in 0.04s]
[0m12:18:02  19 of 88 START test not_null_stg_yellow_trips_pickup_location_id ............... [RUN]
[0m12:18:02  19 of 88 PASS not_null_stg_yellow_trips_pickup_location_id ..................... [[32mPASS[0m in 0.04s]
[0m12:18:02  20 of 88 START test not_null_stg_yellow_trips_total_amount ..................... [RUN]
[0m12:18:02  20 of 88 PASS not_null_stg_yellow_trips_total_amount ........................... [[32mPASS[0m in 0.04s]
[0m12:18:02  21 of 88 START test not_null_stg_yellow_trips_trip_distance_miles .............. [RUN]
[0m12:18:03  21 of 88 PASS not_null_stg_yellow_trips_trip_distance_miles .................... [[32mPASS[0m in 0.04s]
[0m12:18:03  22 of 88 START test not_null_stg_yellow_trips_trip_id .......................... [RUN]
[0m12:18:03  22 of 88 PASS not_null_stg_yellow_trips_trip_id ................................ [[32mPASS[0m in 0.04s]
[0m12:18:03  23 of 88 START test not_null_stg_yellow_trips_vendor_id ........................ [RUN]
[0m12:18:03  23 of 88 PASS not_null_stg_yellow_trips_vendor_id .............................. [[32mPASS[0m in 0.04s]
[0m12:18:03  24 of 88 START test unique_stg_yellow_trips_trip_id ............................ [RUN]
[0m12:18:03  24 of 88 PASS unique_stg_yellow_trips_trip_id .................................. [[32mPASS[0m in 0.04s]
[0m12:18:03  25 of 88 START test not_null_payment_type_lookup_payment_type_id ............... [RUN]
[0m12:18:03  25 of 88 PASS not_null_payment_type_lookup_payment_type_id ..................... [[32mPASS[0m in 0.04s]
[0m12:18:03  26 of 88 START test unique_payment_type_lookup_payment_type_id ................. [RUN]
[0m12:18:03  26 of 88 PASS unique_payment_type_lookup_payment_type_id ....................... [[32mPASS[0m in 0.04s]
[0m12:18:03  27 of 88 START test not_null_rate_code_lookup_rate_code_id ..................... [RUN]
[0m12:18:03  27 of 88 PASS not_null_rate_code_lookup_rate_code_id ........................... [[32mPASS[0m in 0.03s]
[0m12:18:03  28 of 88 START test unique_rate_code_lookup_rate_code_id ....................... [RUN]
[0m12:18:03  28 of 88 PASS unique_rate_code_lookup_rate_code_id ............................. [[32mPASS[0m in 0.04s]
[0m12:18:03  29 of 88 START sql view model public.stg_taxi_zones ............................ [RUN]
[0m12:18:03  29 of 88 OK created sql view model public.stg_taxi_zones ....................... [[32mCREATE_VIEW[0m in 0.08s]
[0m12:18:03  30 of 88 START sql view model public.int_trip_metrics .......................... [RUN]
[0m12:18:03  30 of 88 OK created sql view model public.int_trip_metrics ..................... [[32mCREATE_VIEW[0m in 0.04s]
[0m12:18:03  31 of 88 START sql view model public.stg_payment_types ......................... [RUN]
[0m12:18:03  31 of 88 OK created sql view model public.stg_payment_types .................... [[32mCREATE_VIEW[0m in 0.09s]
[0m12:18:03  32 of 88 START sql view model public.stg_rate_codes ............................ [RUN]
[0m12:18:03  32 of 88 OK created sql view model public.stg_rate_codes ....................... [[32mCREATE_VIEW[0m in 0.04s]
[0m12:18:03  33 of 88 START test not_null_stg_taxi_zones_borough ............................ [RUN]
[0m12:18:03  33 of 88 PASS not_null_stg_taxi_zones_borough .................................. [[32mPASS[0m in 0.04s]
[0m12:18:03  34 of 88 START test not_null_stg_taxi_zones_location_id ........................ [RUN]
[0m12:18:03  34 of 88 PASS not_null_stg_taxi_zones_location_id .............................. [[32mPASS[0m in 0.11s]
[0m12:18:03  35 of 88 START test not_null_stg_taxi_zones_zone_name .......................... [RUN]
[0m12:18:03  35 of 88 PASS not_null_stg_taxi_zones_zone_name ................................ [[32mPASS[0m in 0.04s]
[0m12:18:03  36 of 88 START test relationships_stg_yellow_trips_dropoff_location_id__location_id__ref_stg_taxi_zones_  [RUN]
[0m12:18:03  36 of 88 PASS relationships_stg_yellow_trips_dropoff_location_id__location_id__ref_stg_taxi_zones_  [[32mPASS[0m in 0.05s]
[0m12:18:03  37 of 88 START test relationships_stg_yellow_trips_pickup_location_id__location_id__ref_stg_taxi_zones_  [RUN]
[0m12:18:03  37 of 88 PASS relationships_stg_yellow_trips_pickup_location_id__location_id__ref_stg_taxi_zones_  [[32mPASS[0m in 0.04s]
[0m12:18:03  38 of 88 START test unique_stg_taxi_zones_location_id .......................... [RUN]
[0m12:18:03  38 of 88 PASS unique_stg_taxi_zones_location_id ................................ [[32mPASS[0m in 0.04s]
[0m12:18:03  39 of 88 START test assert_trip_duration_positive .............................. [RUN]
[0m12:18:03  39 of 88 PASS assert_trip_duration_positive .................................... [[32mPASS[0m in 0.03s]
[0m12:18:03  40 of 88 START test dbt_utils_accepted_range_int_trip_metrics_pickup_hour__23__0  [RUN]
[0m12:18:03  40 of 88 PASS dbt_utils_accepted_range_int_trip_metrics_pickup_hour__23__0 ..... [[32mPASS[0m in 0.04s]
[0m12:18:03  41 of 88 START test dbt_utils_accepted_range_int_trip_metrics_trip_duration_minutes__720__1  [RUN]
[0m12:18:03  41 of 88 PASS dbt_utils_accepted_range_int_trip_metrics_trip_duration_minutes__720__1  [[32mPASS[0m in 0.04s]
[0m12:18:03  42 of 88 START test not_null_int_trip_metrics_is_weekend ....................... [RUN]
[0m12:18:04  42 of 88 PASS not_null_int_trip_metrics_is_weekend ............................. [[32mPASS[0m in 0.04s]
[0m12:18:04  43 of 88 START test not_null_int_trip_metrics_pickup_date ...................... [RUN]
[0m12:18:04  43 of 88 PASS not_null_int_trip_metrics_pickup_date ............................ [[32mPASS[0m in 0.04s]
[0m12:18:04  44 of 88 START test not_null_int_trip_metrics_pickup_hour ...................... [RUN]
[0m12:18:04  44 of 88 PASS not_null_int_trip_metrics_pickup_hour ............................ [[32mPASS[0m in 0.04s]
[0m12:18:04  45 of 88 START test not_null_int_trip_metrics_trip_duration_minutes ............ [RUN]
[0m12:18:04  45 of 88 PASS not_null_int_trip_metrics_trip_duration_minutes .................. [[32mPASS[0m in 0.04s]
[0m12:18:04  46 of 88 START test not_null_int_trip_metrics_trip_id .......................... [RUN]
[0m12:18:04  46 of 88 PASS not_null_int_trip_metrics_trip_id ................................ [[32mPASS[0m in 0.04s]
[0m12:18:04  47 of 88 START test not_null_stg_payment_types_payment_type_id ................. [RUN]
[0m12:18:04  47 of 88 PASS not_null_stg_payment_types_payment_type_id ....................... [[32mPASS[0m in 0.04s]
[0m12:18:04  48 of 88 START test not_null_stg_payment_types_payment_type_name ............... [RUN]
[0m12:18:04  48 of 88 PASS not_null_stg_payment_types_payment_type_name ..................... [[32mPASS[0m in 0.04s]
[0m12:18:04  49 of 88 START test unique_stg_payment_types_payment_type_id ................... [RUN]
[0m12:18:04  49 of 88 PASS unique_stg_payment_types_payment_type_id ......................... [[32mPASS[0m in 0.04s]
[0m12:18:04  50 of 88 START test not_null_stg_rate_codes_rate_code_id ....................... [RUN]
[0m12:18:04  50 of 88 PASS not_null_stg_rate_codes_rate_code_id ............................. [[32mPASS[0m in 0.04s]
[0m12:18:04  51 of 88 START test not_null_stg_rate_codes_rate_code_name ..................... [RUN]
[0m12:18:04  51 of 88 PASS not_null_stg_rate_codes_rate_code_name ........................... [[32mPASS[0m in 0.04s]
[0m12:18:04  52 of 88 START test unique_stg_rate_codes_rate_code_id ......................... [RUN]
[0m12:18:04  52 of 88 PASS unique_stg_rate_codes_rate_code_id ............................... [[32mPASS[0m in 0.04s]
[0m12:18:04  53 of 88 START sql table model public.dim_locations ............................ [RUN]
[0m12:18:04  53 of 88 OK created sql table model public.dim_locations ....................... [[32mINSERT 0 265[0m in 0.10s]
[0m12:18:04  54 of 88 START sql view model public.int_daily_summary ......................... [RUN]
[0m12:18:04  54 of 88 OK created sql view model public.int_daily_summary .................... [[32mCREATE_VIEW[0m in 0.10s]
[0m12:18:04  55 of 88 START sql view model public.int_hourly_patterns ....................... [RUN]
[0m12:18:04  55 of 88 OK created sql view model public.int_hourly_patterns .................. [[32mCREATE_VIEW[0m in 0.09s]
[0m12:18:04  56 of 88 START sql table model public.dim_payment_types ........................ [RUN]
[0m12:18:04  56 of 88 OK created sql table model public.dim_payment_types ................... [[32mINSERT 0 6[0m in 0.11s]
[0m12:18:04  57 of 88 START test not_null_dim_locations_borough ............................. [RUN]
[0m12:18:04  57 of 88 PASS not_null_dim_locations_borough ................................... [[32mPASS[0m in 0.04s]
[0m12:18:04  58 of 88 START test not_null_dim_locations_location_id ......................... [RUN]
[0m12:18:04  58 of 88 PASS not_null_dim_locations_location_id ............................... [[32mPASS[0m in 0.04s]
[0m12:18:04  59 of 88 START test not_null_dim_locations_zone_name ........................... [RUN]
[0m12:18:04  59 of 88 PASS not_null_dim_locations_zone_name ................................. [[32mPASS[0m in 0.04s]
[0m12:18:04  60 of 88 START test unique_dim_locations_location_id ........................... [RUN]
[0m12:18:05  60 of 88 PASS unique_dim_locations_location_id ................................. [[32mPASS[0m in 0.05s]
[0m12:18:05  61 of 88 START test dbt_utils_accepted_range_int_daily_summary_total_trips__0 .. [RUN]
[0m12:18:05  61 of 88 PASS dbt_utils_accepted_range_int_daily_summary_total_trips__0 ........ [[32mPASS[0m in 0.05s]
[0m12:18:05  62 of 88 START test not_null_int_daily_summary_pickup_date ..................... [RUN]
[0m12:18:05  62 of 88 PASS not_null_int_daily_summary_pickup_date ........................... [[32mPASS[0m in 0.05s]
[0m12:18:05  63 of 88 START test not_null_int_daily_summary_total_revenue ................... [RUN]
[0m12:18:05  63 of 88 PASS not_null_int_daily_summary_total_revenue ......................... [[32mPASS[0m in 0.05s]
[0m12:18:05  64 of 88 START test not_null_int_daily_summary_total_trips ..................... [RUN]
[0m12:18:05  64 of 88 PASS not_null_int_daily_summary_total_trips ........................... [[32mPASS[0m in 0.05s]
[0m12:18:05  65 of 88 START test unique_int_daily_summary_pickup_date ....................... [RUN]
[0m12:18:05  65 of 88 PASS unique_int_daily_summary_pickup_date ............................. [[32mPASS[0m in 0.06s]
[0m12:18:05  66 of 88 START test dbt_utils_accepted_range_int_hourly_patterns_pickup_hour__23__0  [RUN]
[0m12:18:05  66 of 88 PASS dbt_utils_accepted_range_int_hourly_patterns_pickup_hour__23__0 .. [[32mPASS[0m in 0.05s]
[0m12:18:05  67 of 88 START test not_null_int_hourly_patterns_pickup_date ................... [RUN]
[0m12:18:05  67 of 88 PASS not_null_int_hourly_patterns_pickup_date ......................... [[32mPASS[0m in 0.12s]
[0m12:18:05  68 of 88 START test not_null_int_hourly_patterns_pickup_hour ................... [RUN]
[0m12:18:05  68 of 88 PASS not_null_int_hourly_patterns_pickup_hour ......................... [[32mPASS[0m in 0.04s]
[0m12:18:05  69 of 88 START test not_null_int_hourly_patterns_total_trips ................... [RUN]
[0m12:18:05  69 of 88 PASS not_null_int_hourly_patterns_total_trips ......................... [[32mPASS[0m in 0.05s]
[0m12:18:05  70 of 88 START test not_null_dim_payment_types_payment_type_id ................. [RUN]
[0m12:18:05  70 of 88 PASS not_null_dim_payment_types_payment_type_id ....................... [[32mPASS[0m in 0.04s]
[0m12:18:05  71 of 88 START test not_null_dim_payment_types_payment_type_name ............... [RUN]
[0m12:18:05  71 of 88 PASS not_null_dim_payment_types_payment_type_name ..................... [[32mPASS[0m in 0.05s]
[0m12:18:05  72 of 88 START test unique_dim_payment_types_payment_type_id ................... [RUN]
[0m12:18:05  72 of 88 PASS unique_dim_payment_types_payment_type_id ......................... [[32mPASS[0m in 0.04s]
[0m12:18:05  73 of 88 START sql table model public.fct_trips ................................ [RUN]
[0m12:18:05  73 of 88 OK created sql table model public.fct_trips ........................... [[32mINSERT 0 9766[0m in 0.13s]
[0m12:18:05  74 of 88 START sql table model public.mart_daily_revenue ....................... [RUN]
[0m12:18:05  74 of 88 OK created sql table model public.mart_daily_revenue .................. [[32mINSERT 0 1[0m in 0.14s]
[0m12:18:05  75 of 88 START sql table model public.mart_hourly_demand ....................... [RUN]
[0m12:18:06  75 of 88 OK created sql table model public.mart_hourly_demand .................. [[32mINSERT 0 3[0m in 0.11s]
[0m12:18:06  76 of 88 START test not_null_fct_trips_pickup_datetime ......................... [RUN]
[0m12:18:06  76 of 88 PASS not_null_fct_trips_pickup_datetime ............................... [[32mPASS[0m in 0.03s]
[0m12:18:06  77 of 88 START test not_null_fct_trips_total_amount ............................ [RUN]
[0m12:18:06  77 of 88 PASS not_null_fct_trips_total_amount .................................. [[32mPASS[0m in 0.03s]
[0m12:18:06  78 of 88 START test not_null_fct_trips_trip_id ................................. [RUN]
[0m12:18:06  78 of 88 PASS not_null_fct_trips_trip_id ....................................... [[32mPASS[0m in 0.03s]
[0m12:18:06  79 of 88 START test unique_fct_trips_trip_id ................................... [RUN]
[0m12:18:06  79 of 88 PASS unique_fct_trips_trip_id ......................................... [[32mPASS[0m in 0.03s]
[0m12:18:06  80 of 88 START test not_null_mart_daily_revenue_date_key ....................... [RUN]
[0m12:18:06  80 of 88 PASS not_null_mart_daily_revenue_date_key ............................. [[32mPASS[0m in 0.03s]
[0m12:18:06  81 of 88 START test not_null_mart_daily_revenue_total_revenue .................. [RUN]
[0m12:18:06  81 of 88 PASS not_null_mart_daily_revenue_total_revenue ........................ [[32mPASS[0m in 0.03s]
[0m12:18:06  82 of 88 START test unique_mart_daily_revenue_date_key ......................... [RUN]
[0m12:18:06  82 of 88 PASS unique_mart_daily_revenue_date_key ............................... [[32mPASS[0m in 0.04s]
[0m12:18:06  83 of 88 START test not_null_mart_hourly_demand_is_weekend ..................... [RUN]
[0m12:18:06  83 of 88 PASS not_null_mart_hourly_demand_is_weekend ........................... [[32mPASS[0m in 0.03s]
[0m12:18:06  84 of 88 START test not_null_mart_hourly_demand_pickup_hour .................... [RUN]
[0m12:18:06  84 of 88 PASS not_null_mart_hourly_demand_pickup_hour .......................... [[32mPASS[0m in 0.03s]
[0m12:18:06  85 of 88 START sql table model public.mart_location_performance ................ [RUN]
[0m12:18:06  85 of 88 OK created sql table model public.mart_location_performance ........... [[32mINSERT 0 112[0m in 0.10s]
[0m12:18:06  86 of 88 START test not_null_mart_location_performance_pickup_location_id ...... [RUN]
[0m12:18:06  86 of 88 PASS not_null_mart_location_performance_pickup_location_id ............ [[32mPASS[0m in 0.04s]
[0m12:18:06  87 of 88 START test not_null_mart_location_performance_total_pickups ........... [RUN]
[0m12:18:06  87 of 88 PASS not_null_mart_location_performance_total_pickups ................. [[32mPASS[0m in 0.05s]
[0m12:18:06  88 of 88 START test unique_mart_location_performance_pickup_location_id ........ [RUN]
[0m12:18:06  88 of 88 PASS unique_mart_location_performance_pickup_location_id .............. [[32mPASS[0m in 0.05s]
[0m12:18:06  
[0m12:18:06  Finished running 3 seeds, 7 table models, 71 data tests, 7 view models in 0 hours 0 minutes and 4.96 seconds (4.96s).
[0m12:18:06  
[0m12:18:06  [32mCompleted successfully[0m
[0m12:18:06  
[0m12:18:06  Done. PASS=88 WARN=0 ERROR=0 SKIP=0 NO-OP=0 TOTAL=88
make[1]: Leaving directory 'C:/docker_projects/real_time_data_engineering/pipelines/06-redpanda-risingwave'
=== Benchmark complete ===
docker compose --profile generate --profile dbt down -v
time="2026-02-22T07:18:07-05:00" level=warning msg="C:\\docker_projects\\real_time_data_engineering\\pipelines\\06-redpanda-risingwave\\docker-compose.yml: the attribute `version` is obsolete, it will be ignored, please remove it to avoid potential confusion"
 Container p06-risingwave  Stopping
 Container p06-risingwave  Stopped
 Container p06-risingwave  Removing
 Container p06-risingwave  Removed
 Container p06-redpanda  Stopping
 Container p06-redpanda  Stopped
 Container p06-redpanda  Removing
 Container p06-redpanda  Removed
 Volume 06-redpanda-risingwave_risingwave-data  Removing
 Network 06-redpanda-risingwave_pipeline-net  Removing
 Volume 06-redpanda-risingwave_redpanda-data  Removing
 Volume 06-redpanda-risingwave_risingwave-data  Removed
 Volume 06-redpanda-risingwave_redpanda-data  Removed
 Network 06-redpanda-risingwave_pipeline-net  Removed
make: *** No rule to make target 'clean'.  Stop.
